2025-03-22 16:45:21,549 - INFO - Starting simulation: Algorithm=FIFO, Frames=3, Pages=[1, 2, 3, 4, 1, 2, 5]
2025-03-22 17:02:29,987 - INFO - Starting simulation: Algorithm=FIFO, Frames=3, Pages=[1, 2, 3, 4, 1, 2, 5]
2025-03-22 17:02:29,991 - INFO - Simulation completed: FIFO, Faults=7, Hits=0
2025-03-22 17:03:35,379 - INFO - Starting simulation: Algorithm=FIFO, Frames=3, Pages=[1, 2, 3, 4, 1, 2, 5]
2025-03-22 17:03:35,384 - INFO - Simulation completed: FIFO, Faults=7, Hits=0
2025-03-22 17:04:00,900 - INFO - Starting simulation: Algorithm=FIFO, Frames=3, Pages=[1, 2, 3, 4, 1, 2, 5]
2025-03-22 17:04:00,904 - INFO - Simulation completed: FIFO, Faults=7, Hits=0
2025-03-22 17:14:53,584 - INFO - Starting simulation: Algorithm=FIFO, Frames=3, Pages=[1, 2, 3, 4, 1, 2, 5]
2025-03-22 17:14:53,588 - INFO - Simulation completed: FIFO, Faults=7, Hits=0
2025-03-22 17:18:23,679 - INFO - Starting simulation: Algorithm=FIFO, Frames=3, Pages=[1, 2, 3, 4, 1, 2, 5]
2025-03-22 17:18:23,682 - INFO - Simulation completed: FIFO, Faults=7, Hits=0
2025-03-22 17:18:27,839 - INFO - Comparing algorithms for Pages=[1, 2, 3, 4, 1, 2, 5], Frames=3
2025-03-22 17:18:27,842 - INFO - FIFO Algorithm: Faults=7, Hits=0
2025-03-22 17:18:27,846 - INFO - LRU Algorithm: Faults=7, Hits=0
2025-03-22 17:18:27,849 - INFO - Optimal Algorithm: Faults=5, Hits=2
2025-03-22 17:18:27,853 - INFO - Clock Algorithm: Faults=7, Hits=0
2025-03-22 17:18:27,856 - INFO - LFU Algorithm: Faults=7, Hits=0
2025-03-22 17:29:43,954 - INFO - Starting simulation: Algorithm=FIFO, Frames=3, Pages=[1, 2, 3, 4, 1, 2, 5]
2025-03-22 17:29:43,958 - INFO - Simulation completed: FIFO, Faults=7, Hits=0
2025-03-22 17:30:05,491 - INFO - Comparing algorithms for Pages=[1, 2, 3, 4, 1, 2, 5], Frames=3
2025-03-22 17:30:05,495 - INFO - FIFO Algorithm: Faults=7, Hits=0
2025-03-22 17:30:05,498 - INFO - LRU Algorithm: Faults=7, Hits=0
2025-03-22 17:30:05,500 - INFO - Optimal Algorithm: Faults=5, Hits=2
2025-03-22 17:30:05,503 - INFO - Clock Algorithm: Faults=7, Hits=0
2025-03-22 17:30:05,507 - INFO - LFU Algorithm: Faults=7, Hits=0
2025-03-22 20:48:56,960 - INFO - Starting simulation: Algorithm=FIFO, Frames=3, Pages=[1, 2, 4, 5, 2, 5]
2025-03-22 20:48:56,970 - INFO - Simulation completed: FIFO, Faults=4, Hits=2
2025-03-22 20:49:04,282 - INFO - Comparing algorithms for Pages=[1, 2, 4, 5, 2, 5], Frames=3
2025-03-22 20:49:04,299 - INFO - FIFO Algorithm: Faults=4, Hits=2
2025-03-22 20:49:04,313 - INFO - LRU Algorithm: Faults=4, Hits=2
2025-03-22 20:49:04,321 - INFO - Optimal Algorithm: Faults=4, Hits=2
2025-03-22 20:49:04,353 - INFO - Clock Algorithm: Faults=4, Hits=2
2025-03-22 20:49:04,369 - INFO - LFU Algorithm: Faults=4, Hits=2
2025-03-22 21:17:29,540 - INFO - Starting simulation: Algorithm=FIFO, Frames=3, Pages=[1, 2, 3, 4, 5]
2025-03-22 21:17:29,547 - INFO - Simulation completed: FIFO, Faults=5, Hits=0
2025-03-22 21:17:45,205 - INFO - Starting simulation: Algorithm=FIFO, Frames=3, Pages=[1, 2, 3, 4, 5]
2025-03-22 21:17:45,211 - INFO - Simulation completed: FIFO, Faults=5, Hits=0
2025-03-22 21:18:42,060 - INFO - Starting simulation: Algorithm=FIFO, Frames=3, Pages=[1, 2, 3, 4, 5]
2025-03-22 21:18:42,068 - INFO - Simulation completed: FIFO, Faults=5, Hits=0
2025-03-22 21:47:41,521 - INFO - Starting simulation: Algorithm=FIFO, Frames=3, Pages=[1, 2, 3, 4, 5]
2025-03-22 21:47:41,552 - INFO - Simulation completed: FIFO, Faults=5, Hits=0
2025-03-22 21:49:43,756 - INFO - Starting simulation: Algorithm=FIFO, Frames=3, Pages=[1, 2, 3, 4, 5]
2025-03-22 21:49:43,771 - INFO - Simulation completed: FIFO, Faults=5, Hits=0
2025-03-22 21:56:39,888 - ERROR - Page sequence must be comma-separated integers (e.g., 1,2,3,4).
2025-03-22 21:56:39,889 - ERROR - Input error: Page sequence must be comma-separated integers (e.g., 1,2,3,4).
2025-03-22 21:57:00,361 - INFO - Starting simulation: Algorithm=FIFO, Frames=3, Pages=[1, 2, 3, 4, 5]
2025-03-22 21:57:00,367 - INFO - Simulation completed: FIFO, Faults=5, Hits=0
2025-03-22 22:00:38,177 - INFO - Starting simulation: Algorithm=FIFO, Frames=3, Pages=[1, 2, 3, 4, 5]
2025-03-22 22:00:38,185 - INFO - Fragmentation History: [{'internal': 33.33333333333333, 'external': 33.333333333333336}, {'internal': 66.66666666666666, 'external': 66.66666666666667}, {'internal': 100.0, 'external': 0.0}, {'internal': 100.0, 'external': 0.0}, {'internal': 100.0, 'external': 0.0}]
2025-03-22 22:00:38,186 - INFO - Simulation completed: FIFO, Faults=5, Hits=0
2025-03-22 22:10:04,324 - INFO - Starting simulation: Algorithm=FIFO, Frames=3, Pages=[1, 2, 3, 4, 5, 6, 7, 8, 9, 10]
2025-03-22 22:10:04,344 - INFO - Fragmentation History: [{'internal': 33.33333333333333, 'external': 33.333333333333336}, {'internal': 66.66666666666666, 'external': 66.66666666666667}, {'internal': 100.0, 'external': 0.0}, {'internal': 100.0, 'external': 0.0}, {'internal': 100.0, 'external': 0.0}, {'internal': 100.0, 'external': 0.0}, {'internal': 100.0, 'external': 0.0}, {'internal': 100.0, 'external': 0.0}, {'internal': 100.0, 'external': 0.0}, {'internal': 100.0, 'external': 0.0}]
2025-03-22 22:10:04,344 - INFO - Simulation completed: FIFO, Faults=10, Hits=0
2025-03-22 22:11:54,551 - INFO - Starting simulation: Algorithm=FIFO, Frames=3, Pages=[1, 2, 3, 4, 5]
2025-03-22 22:11:54,558 - INFO - Fragmentation History: [{'internal': 33.33333333333333, 'external': 33.333333333333336}, {'internal': 66.66666666666666, 'external': 66.66666666666667}, {'internal': 100.0, 'external': 0.0}, {'internal': 100.0, 'external': 0.0}, {'internal': 100.0, 'external': 0.0}]
2025-03-22 22:11:54,559 - INFO - Simulation completed: FIFO, Faults=5, Hits=0
2025-03-22 22:13:59,980 - INFO - Starting simulation: Algorithm=LRU, Frames=3, Pages=[1, 2, 3, 4, 5]
2025-03-22 22:13:59,992 - INFO - Fragmentation History: [{'internal': 33.33333333333333, 'external': 33.333333333333336}, {'internal': 66.66666666666666, 'external': 66.66666666666667}, {'internal': 100.0, 'external': 0.0}, {'internal': 100.0, 'external': 0.0}, {'internal': 100.0, 'external': 0.0}]
2025-03-22 22:13:59,992 - INFO - Simulation completed: LRU, Faults=5, Hits=0
2025-03-22 22:14:08,931 - INFO - Starting simulation: Algorithm=Optimal, Frames=3, Pages=[1, 2, 3, 4, 5]
2025-03-22 22:14:08,950 - INFO - Fragmentation History: [{'internal': 33.33333333333333, 'external': 33.333333333333336}, {'internal': 66.66666666666666, 'external': 66.66666666666667}, {'internal': 100.0, 'external': 0.0}, {'internal': 100.0, 'external': 0.0}, {'internal': 100.0, 'external': 0.0}]
2025-03-22 22:14:08,951 - INFO - Simulation completed: Optimal, Faults=5, Hits=0
2025-03-22 22:14:20,787 - INFO - Starting simulation: Algorithm=Clock, Frames=3, Pages=[1, 2, 3, 4, 5]
2025-03-22 22:14:20,797 - INFO - Fragmentation History: [{'internal': 33.33333333333333, 'external': 33.333333333333336}, {'internal': 66.66666666666666, 'external': 66.66666666666667}, {'internal': 100.0, 'external': 0.0}, {'internal': 100.0, 'external': 0.0}, {'internal': 100.0, 'external': 0.0}]
2025-03-22 22:14:20,798 - INFO - Simulation completed: Clock, Faults=5, Hits=0
2025-03-22 22:14:30,059 - INFO - Starting simulation: Algorithm=LFU, Frames=3, Pages=[1, 2, 3, 4, 5]
2025-03-22 22:14:30,075 - INFO - Fragmentation History: [{'internal': 33.33333333333333, 'external': 33.333333333333336}, {'internal': 66.66666666666666, 'external': 66.66666666666667}, {'internal': 100.0, 'external': 0.0}, {'internal': 100.0, 'external': 0.0}, {'internal': 100.0, 'external': 0.0}]
2025-03-22 22:14:30,075 - INFO - Simulation completed: LFU, Faults=5, Hits=0
2025-03-22 22:37:20,452 - INFO - Starting simulation: Algorithm=FIFO, Frames=3, Pages=[1, 2, 3, 4, 5]
2025-03-22 22:37:20,459 - INFO - Simulation completed: FIFO, Faults=5, Hits=0
2025-03-22 22:52:03,589 - ERROR - Page sequence must be comma-separated integers (e.g., 1,2,3,4).
2025-03-22 22:52:03,590 - ERROR - Input error: Page sequence must be comma-separated integers (e.g., 1,2,3,4).
2025-03-22 22:52:16,783 - ERROR - Number of frames must be positive.
2025-03-22 22:52:16,783 - ERROR - Number of frames must be a positive integer.
2025-03-22 22:52:16,783 - ERROR - Input error: Number of frames must be a positive integer.
2025-03-22 22:57:12,511 - INFO - Starting simulation: Algorithm=FIFO, Frames=3, Pages=[1, 2, 3, 4, 5]
2025-03-22 22:57:12,517 - INFO - Simulation completed: FIFO, Faults=5, Hits=0
2025-03-22 22:57:59,376 - ERROR - Page sequence cannot be empty.
2025-03-22 22:57:59,378 - ERROR - Input error: Page sequence cannot be empty.
2025-03-22 22:58:47,249 - INFO - Starting simulation: Algorithm=FIFO, Frames=3, Pages=[1, 2, 3, 4, 5]
2025-03-22 22:58:47,255 - INFO - Simulation completed: FIFO, Faults=5, Hits=0
2025-03-22 22:58:50,617 - INFO - Comparing algorithms for Pages=[1, 2, 3, 4, 5], Frames=3
2025-03-22 22:58:50,622 - INFO - FIFO Algorithm: Faults=5, Hits=0
2025-03-22 22:58:50,628 - INFO - LRU Algorithm: Faults=5, Hits=0
2025-03-22 22:58:50,644 - INFO - Optimal Algorithm: Faults=5, Hits=0
2025-03-22 22:58:50,659 - INFO - Clock Algorithm: Faults=5, Hits=0
2025-03-22 22:58:50,673 - INFO - LFU Algorithm: Faults=5, Hits=0
2025-03-22 22:59:22,468 - INFO - Starting simulation: Algorithm=FIFO, Frames=3, Pages=[1, 2, 4, 2, 5, 3]
2025-03-22 22:59:22,487 - INFO - Simulation completed: FIFO, Faults=5, Hits=1
2025-03-22 22:59:26,930 - INFO - Comparing algorithms for Pages=[1, 2, 4, 2, 5, 3], Frames=3
2025-03-22 22:59:26,950 - INFO - FIFO Algorithm: Faults=5, Hits=1
2025-03-22 22:59:26,964 - INFO - LRU Algorithm: Faults=5, Hits=1
2025-03-22 22:59:26,980 - INFO - Optimal Algorithm: Faults=5, Hits=1
2025-03-22 22:59:26,994 - INFO - Clock Algorithm: Faults=5, Hits=1
2025-03-22 22:59:27,010 - INFO - LFU Algorithm: Faults=5, Hits=1
2025-03-22 23:12:26,442 - INFO - Starting simulation: Algorithm=FIFO, Frames=3, Pages=[1, 2, 3, 4, 5]
2025-03-22 23:12:26,478 - INFO - Simulation completed: FIFO, Faults=5, Hits=0
2025-03-22 23:12:59,474 - ERROR - Page sequence must be comma-separated integers (e.g., 1,2,3,4).
2025-03-22 23:12:59,474 - ERROR - Input error: Page sequence must be comma-separated integers (e.g., 1,2,3,4).
2025-03-22 23:13:10,764 - ERROR - Page sequence must be comma-separated integers (e.g., 1,2,3,4).
2025-03-22 23:13:10,764 - ERROR - Input error: Page sequence must be comma-separated integers (e.g., 1,2,3,4).
2025-03-22 23:13:30,891 - ERROR - Page sequence must be comma-separated integers (e.g., 1,2,3,4).
2025-03-22 23:13:30,891 - ERROR - Input error: Page sequence must be comma-separated integers (e.g., 1,2,3,4).
2025-03-22 23:13:40,387 - INFO - Starting simulation: Algorithm=LRU, Frames=3, Pages=[1, 2, 1, 3, 4, 2, 5]
2025-03-22 23:13:40,403 - INFO - Simulation completed: LRU, Faults=6, Hits=1
2025-03-22 23:14:30,181 - INFO - Starting simulation: Algorithm=Optimal, Frames=3, Pages=[1, 2, 3, 4, 1, 2, 5]
2025-03-22 23:14:30,191 - INFO - Simulation completed: Optimal, Faults=5, Hits=2
2025-03-22 23:14:50,438 - INFO - Starting simulation: Algorithm=Clock, Frames=3, Pages=[1, 2, 3, 4, 1, 2, 5]
2025-03-22 23:14:50,452 - INFO - Simulation completed: Clock, Faults=7, Hits=0
2025-03-22 23:15:07,494 - INFO - Starting simulation: Algorithm=LFU, Frames=3, Pages=[1, 2, 3, 4, 1, 2, 5]
2025-03-22 23:15:07,513 - INFO - Simulation completed: LFU, Faults=7, Hits=0
2025-03-22 23:15:12,439 - INFO - Starting simulation: Algorithm=LFU, Frames=3, Pages=[1, 2, 3, 4, 1, 2, 5]
2025-03-22 23:15:12,453 - INFO - Simulation completed: LFU, Faults=7, Hits=0
2025-03-22 23:15:40,431 - INFO - Starting simulation: Algorithm=LRU, Frames=3, Pages=[1, 2, 3, 4, 1, 2, 5]
2025-03-22 23:15:40,446 - INFO - Simulation completed: LRU, Faults=7, Hits=0
2025-03-22 23:16:11,479 - INFO - Starting simulation: Algorithm=Optimal, Frames=3, Pages=[1, 2, 3, 4, 1, 2, 5]
2025-03-22 23:16:11,503 - INFO - Simulation completed: Optimal, Faults=5, Hits=2
2025-03-22 23:17:15,618 - INFO - Starting simulation: Algorithm=LRU, Frames=3, Pages=[1, 2, 1, 3, 4, 2, 5]
2025-03-22 23:17:15,635 - INFO - Simulation completed: LRU, Faults=6, Hits=1
2025-03-22 23:17:36,147 - INFO - Starting simulation: Algorithm=Clock, Frames=3, Pages=[1, 2, 1, 3, 4, 2, 5]
2025-03-22 23:17:36,163 - INFO - Simulation completed: Clock, Faults=6, Hits=1
2025-03-22 23:18:07,124 - INFO - Starting simulation: Algorithm=Clock, Frames=3, Pages=[1, 2, 3, 4, 1, 2, 5]
2025-03-22 23:18:07,143 - INFO - Simulation completed: Clock, Faults=7, Hits=0
2025-03-22 23:18:56,302 - INFO - Starting simulation: Algorithm=LFU, Frames=3, Pages=[1, 2, 3, 4, 1, 2, 5]
2025-03-22 23:18:56,328 - INFO - Simulation completed: LFU, Faults=7, Hits=0
2025-03-22 23:19:06,765 - INFO - Starting simulation: Algorithm=Optimal, Frames=3, Pages=[1, 2, 3, 4, 1, 2, 5]
2025-03-22 23:19:06,785 - INFO - Simulation completed: Optimal, Faults=5, Hits=2
2025-03-22 23:32:05,620 - INFO - Starting simulation: Algorithm=FIFO, Frames=3, Pages=[1, 2, 3, 4, 5]
2025-03-22 23:32:05,666 - INFO - Simulation completed: FIFO, Faults=5, Hits=0
2025-03-22 23:33:06,037 - INFO - Starting simulation: Algorithm=LRU, Frames=3, Pages=[1, 2, 1, 3, 4, 2, 5]
2025-03-22 23:33:06,057 - INFO - Simulation completed: LRU, Faults=6, Hits=1
2025-03-22 23:34:26,273 - INFO - Starting simulation: Algorithm=Optimal, Frames=3, Pages=[1, 2, 3, 4, 1, 2, 5]
2025-03-22 23:34:26,293 - INFO - Simulation completed: Optimal, Faults=5, Hits=2
2025-03-22 23:34:57,409 - INFO - Starting simulation: Algorithm=Clock, Frames=3, Pages=[1, 2, 3, 4, 1, 2, 5]
2025-03-22 23:34:57,440 - INFO - Simulation completed: Clock, Faults=7, Hits=0
2025-03-22 23:35:11,691 - INFO - Starting simulation: Algorithm=LFU, Frames=3, Pages=[1, 2, 3, 4, 1, 2, 5]
2025-03-22 23:35:11,731 - INFO - Simulation completed: LFU, Faults=7, Hits=0
2025-03-23 00:00:47,864 - INFO - Starting simulation: Algorithm=FIFO, Frames=3, Pages=[1, 2, 3, 4, 1, 2, 5]
2025-03-23 00:00:47,890 - INFO - Simulation completed: FIFO, Faults=7, Hits=0
2025-03-23 00:01:05,925 - INFO - Starting simulation: Algorithm=LRU, Frames=3, Pages=[1, 2, 3, 4, 1, 2, 5]
2025-03-23 00:01:05,950 - INFO - Simulation completed: LRU, Faults=7, Hits=0
2025-03-23 00:01:58,554 - INFO - Starting simulation: Algorithm=Optimal, Frames=3, Pages=[1, 2, 3, 4, 1, 2, 5]
2025-03-23 00:01:58,575 - INFO - Simulation completed: Optimal, Faults=5, Hits=2
2025-03-23 00:02:20,808 - INFO - Starting simulation: Algorithm=LFU, Frames=3, Pages=[1, 2, 3, 4, 1, 2, 5]
2025-03-23 00:02:20,841 - INFO - Simulation completed: LFU, Faults=7, Hits=0
2025-03-23 00:02:36,609 - INFO - Starting simulation: Algorithm=Clock, Frames=3, Pages=[1, 2, 3, 4, 1, 2, 5]
2025-03-23 00:02:36,649 - INFO - Simulation completed: Clock, Faults=7, Hits=0
2025-03-23 00:20:46,067 - INFO - Starting simulation: Algorithm=FIFO, Frames=3, Pages=[1, 2, 3, 4, 5]
2025-03-23 00:20:46,079 - INFO - Simulation completed: FIFO, Faults=5, Hits=0
2025-03-23 00:21:23,019 - INFO - Starting simulation: Algorithm=LRU, Frames=3, Pages=[1, 2, 1, 3, 4, 2, 5]
2025-03-23 00:21:23,041 - INFO - Simulation completed: LRU, Faults=6, Hits=1
2025-03-23 00:21:50,725 - INFO - Starting simulation: Algorithm=Optimal, Frames=3, Pages=[1, 2, 3, 4, 1, 2, 5]
2025-03-23 00:21:50,751 - INFO - Simulation completed: Optimal, Faults=5, Hits=2
2025-03-23 00:22:12,107 - INFO - Starting simulation: Algorithm=Clock, Frames=3, Pages=[1, 2, 3, 4, 1, 2, 5]
2025-03-23 00:22:12,151 - INFO - Simulation completed: Clock, Faults=7, Hits=0
2025-03-23 00:22:37,532 - INFO - Starting simulation: Algorithm=LFU, Frames=3, Pages=[1, 2, 3, 4, 1, 2, 5]
2025-03-23 00:22:37,570 - INFO - Simulation completed: LFU, Faults=7, Hits=0
2025-03-23 00:23:10,471 - INFO - Starting simulation: Algorithm=FIFO, Frames=3, Pages=[1, 2, 3, 4, 5]
2025-03-23 00:23:10,499 - INFO - Simulation completed: FIFO, Faults=5, Hits=0
2025-03-23 00:23:34,158 - INFO - Starting simulation: Algorithm=FIFO, Frames=3, Pages=[1, 2, 3, 4, 5, 6, 7, 8, 9, 10]
2025-03-23 00:23:34,218 - INFO - Simulation completed: FIFO, Faults=10, Hits=0
2025-03-23 00:24:10,921 - INFO - Starting simulation: Algorithm=LRU, Frames=4, Pages=[1, 2, 3, 4, 5, 6, 7, 8, 9, 10, 11, 12, 13, 14, 15]
2025-03-23 00:24:11,011 - INFO - Simulation completed: LRU, Faults=15, Hits=0
2025-03-23 00:25:02,242 - INFO - Starting simulation: Algorithm=Optimal, Frames=3, Pages=[1, 2, 3, 4, 1, 2, 5, 1, 2, 3, 4, 5]
2025-03-23 00:25:02,298 - INFO - Simulation completed: Optimal, Faults=8, Hits=4
2025-03-23 00:25:54,701 - INFO - Starting simulation: Algorithm=Optimal, Frames=3, Pages=[1, 2, 3, 4, 1, 2, 5, 1, 2, 3, 4, 5]
2025-03-23 00:25:54,761 - INFO - Simulation completed: Optimal, Faults=8, Hits=4
2025-03-30 22:14:20,343 - INFO - Starting simulation: Algorithm=FIFO, Frames=3, Pages=[1, 2, 3, 4, 5]
2025-03-30 22:14:20,357 - INFO - Simulation completed: FIFO, Faults=5, Hits=0
2025-03-30 22:14:26,679 - INFO - Comparing algorithms for Pages=[1, 2, 3, 4, 5], Frames=3
2025-03-30 22:14:26,692 - INFO - FIFO Algorithm: Faults=5, Hits=0
2025-03-30 22:14:26,706 - INFO - LRU Algorithm: Faults=5, Hits=0
2025-03-30 22:14:26,731 - INFO - Optimal Algorithm: Faults=5, Hits=0
2025-03-30 22:14:26,751 - INFO - Clock Algorithm: Faults=5, Hits=0
2025-03-30 22:14:26,773 - INFO - LFU Algorithm: Faults=5, Hits=0
