2025-03-30 20:52:59,430 - INFO - Starting simulation with frame_count=16, algorithm=FIFO
2025-03-30 20:52:59,433 - ERROR - File 'data/addresses.txt' not found.
2025-03-30 20:52:59,433 - ERROR - File 'data/addresses.txt' not found.
2025-03-30 21:15:21,987 - INFO - Starting simulation with frame_count=16, algorithm=FIFO
2025-03-30 21:15:21,989 - ERROR - File 'data/addresses.txt' not found.
2025-03-30 21:15:21,989 - ERROR - File 'data/addresses.txt' not found.
2025-03-30 21:29:13,247 - INFO - Starting simulation with frame_count=16, algorithm=FIFO
2025-03-30 21:29:13,247 - INFO - Algorithm set to FIFO
2025-03-30 21:29:13,247 - INFO - Algorithm set to FIFO
2025-03-30 21:29:13,311 - INFO - Page fault handled: Page 66 loaded into Frame 0
2025-03-30 21:29:13,311 - INFO - Page fault handled: Page 66 loaded into Frame 0
2025-03-30 21:29:22,071 - INFO - Page fault handled: Page 244 loaded into Frame 1
2025-03-30 21:29:22,071 - INFO - Page fault handled: Page 244 loaded into Frame 1
2025-03-30 21:29:22,075 - INFO - Page fault handled: Page 117 loaded into Frame 2
2025-03-30 21:29:22,075 - INFO - Page fault handled: Page 117 loaded into Frame 2
2025-03-30 21:29:22,079 - INFO - Page fault handled: Page 209 loaded into Frame 3
2025-03-30 21:29:22,079 - INFO - Page fault handled: Page 209 loaded into Frame 3
2025-03-30 21:29:22,083 - INFO - Page fault handled: Page 156 loaded into Frame 4
2025-03-30 21:29:22,083 - INFO - Page fault handled: Page 156 loaded into Frame 4
2025-03-30 21:29:22,096 - INFO - Page fault handled: Page 112 loaded into Frame 5
2025-03-30 21:29:22,096 - INFO - Page fault handled: Page 112 loaded into Frame 5
2025-03-30 21:29:24,941 - INFO - Page fault handled: Page 95 loaded into Frame 6
2025-03-30 21:29:24,941 - INFO - Page fault handled: Page 95 loaded into Frame 6
2025-03-30 21:29:24,941 - INFO - Page fault handled: Page 189 loaded into Frame 7
2025-03-30 21:29:24,941 - INFO - Page fault handled: Page 189 loaded into Frame 7
2025-03-30 21:29:24,946 - INFO - Page fault handled: Page 253 loaded into Frame 8
2025-03-30 21:29:24,946 - INFO - Page fault handled: Page 253 loaded into Frame 8
2025-03-30 21:29:24,947 - INFO - Page fault handled: Page 71 loaded into Frame 9
2025-03-30 21:29:24,947 - INFO - Page fault handled: Page 71 loaded into Frame 9
2025-03-30 21:29:24,950 - INFO - Page fault handled: Page 47 loaded into Frame 10
2025-03-30 21:29:24,950 - INFO - Page fault handled: Page 47 loaded into Frame 10
2025-03-30 21:29:26,751 - INFO - Page fault handled: Page 88 loaded into Frame 11
2025-03-30 21:29:26,751 - INFO - Page fault handled: Page 88 loaded into Frame 11
2025-03-30 21:29:26,757 - INFO - Page fault handled: Page 226 loaded into Frame 12
2025-03-30 21:29:26,757 - INFO - Page fault handled: Page 226 loaded into Frame 12
2025-03-30 21:29:26,759 - INFO - Page fault handled: Page 109 loaded into Frame 13
2025-03-30 21:29:26,759 - INFO - Page fault handled: Page 109 loaded into Frame 13
2025-03-30 21:29:26,760 - INFO - Page fault handled: Page 214 loaded into Frame 14
2025-03-30 21:29:26,760 - INFO - Page fault handled: Page 214 loaded into Frame 14
2025-03-30 21:29:26,763 - INFO - Page fault handled: Page 152 loaded into Frame 15
2025-03-30 21:29:26,763 - INFO - Page fault handled: Page 152 loaded into Frame 15
2025-03-30 21:29:28,730 - INFO - Page fault handled: Page 128 loaded into Frame 0
2025-03-30 21:29:28,730 - INFO - Page fault handled: Page 128 loaded into Frame 0
2025-03-30 21:29:28,734 - INFO - Page fault handled: Page 250 loaded into Frame 1
2025-03-30 21:29:28,734 - INFO - Page fault handled: Page 250 loaded into Frame 1
2025-03-30 21:29:28,734 - INFO - Page fault handled: Page 9 loaded into Frame 2
2025-03-30 21:29:28,734 - INFO - Page fault handled: Page 9 loaded into Frame 2
2025-03-30 21:29:28,738 - INFO - Page fault handled: Page 251 loaded into Frame 3
2025-03-30 21:29:28,738 - INFO - Page fault handled: Page 251 loaded into Frame 3
2025-03-30 21:29:28,738 - INFO - Page fault handled: Page 215 loaded into Frame 4
2025-03-30 21:29:28,738 - INFO - Page fault handled: Page 215 loaded into Frame 4
2025-03-30 21:29:31,061 - INFO - Page fault handled: Page 72 loaded into Frame 5
2025-03-30 21:29:31,061 - INFO - Page fault handled: Page 72 loaded into Frame 5
2025-03-30 21:29:31,065 - INFO - Page fault handled: Page 56 loaded into Frame 6
2025-03-30 21:29:31,065 - INFO - Page fault handled: Page 56 loaded into Frame 6
2025-03-30 21:29:31,065 - INFO - Page fault handled: Page 238 loaded into Frame 7
2025-03-30 21:29:31,065 - INFO - Page fault handled: Page 238 loaded into Frame 7
2025-03-30 21:29:31,069 - INFO - Page fault handled: Page 244 loaded into Frame 8
2025-03-30 21:29:31,069 - INFO - Page fault handled: Page 244 loaded into Frame 8
2025-03-30 21:29:31,069 - INFO - Page fault handled: Page 29 loaded into Frame 9
2025-03-30 21:29:31,069 - INFO - Page fault handled: Page 29 loaded into Frame 9
2025-03-30 21:29:32,714 - INFO - Page fault handled: Page 252 loaded into Frame 10
2025-03-30 21:29:32,714 - INFO - Page fault handled: Page 252 loaded into Frame 10
2025-03-30 21:29:32,720 - INFO - Page fault handled: Page 26 loaded into Frame 11
2025-03-30 21:29:32,720 - INFO - Page fault handled: Page 26 loaded into Frame 11
2025-03-30 21:29:32,726 - INFO - Page fault handled: Page 126 loaded into Frame 12
2025-03-30 21:29:32,726 - INFO - Page fault handled: Page 126 loaded into Frame 12
2025-03-30 21:29:32,729 - INFO - Page fault handled: Page 236 loaded into Frame 13
2025-03-30 21:29:32,729 - INFO - Page fault handled: Page 236 loaded into Frame 13
2025-03-30 21:29:32,729 - INFO - Page fault handled: Page 24 loaded into Frame 14
2025-03-30 21:29:32,729 - INFO - Page fault handled: Page 24 loaded into Frame 14
2025-03-30 21:29:34,671 - INFO - Page fault handled: Page 178 loaded into Frame 15
2025-03-30 21:29:34,671 - INFO - Page fault handled: Page 178 loaded into Frame 15
2025-03-30 21:29:34,672 - INFO - Page fault handled: Page 3 loaded into Frame 0
2025-03-30 21:29:34,672 - INFO - Page fault handled: Page 3 loaded into Frame 0
2025-03-30 21:29:34,676 - INFO - Page fault handled: Page 159 loaded into Frame 1
2025-03-30 21:29:34,676 - INFO - Page fault handled: Page 159 loaded into Frame 1
2025-03-30 21:29:34,677 - INFO - Page fault handled: Page 192 loaded into Frame 2
2025-03-30 21:29:34,677 - INFO - Page fault handled: Page 192 loaded into Frame 2
2025-03-30 21:29:34,680 - INFO - Page fault handled: Page 160 loaded into Frame 3
2025-03-30 21:29:34,680 - INFO - Page fault handled: Page 160 loaded into Frame 3
2025-03-30 21:29:36,298 - INFO - Page fault handled: Page 83 loaded into Frame 4
2025-03-30 21:29:36,298 - INFO - Page fault handled: Page 83 loaded into Frame 4
2025-03-30 21:29:36,300 - INFO - Page fault handled: Page 23 loaded into Frame 5
2025-03-30 21:29:36,300 - INFO - Page fault handled: Page 23 loaded into Frame 5
2025-03-30 21:29:36,303 - INFO - Page fault handled: Page 127 loaded into Frame 6
2025-03-30 21:29:36,303 - INFO - Page fault handled: Page 127 loaded into Frame 6
2025-03-30 21:29:36,304 - INFO - Page fault handled: Page 69 loaded into Frame 7
2025-03-30 21:29:36,304 - INFO - Page fault handled: Page 69 loaded into Frame 7
2025-03-30 21:29:36,304 - INFO - Page fault handled: Page 14 loaded into Frame 8
2025-03-30 21:29:36,304 - INFO - Page fault handled: Page 14 loaded into Frame 8
2025-03-30 21:29:37,992 - INFO - Page fault handled: Page 112 loaded into Frame 9
2025-03-30 21:29:37,992 - INFO - Page fault handled: Page 112 loaded into Frame 9
2025-03-30 21:29:37,994 - INFO - Page fault handled: Page 231 loaded into Frame 10
2025-03-30 21:29:37,994 - INFO - Page fault handled: Page 231 loaded into Frame 10
2025-03-30 21:29:37,996 - INFO - Page fault handled: Page 156 loaded into Frame 11
2025-03-30 21:29:37,996 - INFO - Page fault handled: Page 156 loaded into Frame 11
2025-03-30 21:29:37,997 - INFO - Page fault handled: Page 234 loaded into Frame 12
2025-03-30 21:29:37,997 - INFO - Page fault handled: Page 234 loaded into Frame 12
2025-03-30 21:29:37,999 - INFO - Page fault handled: Page 165 loaded into Frame 13
2025-03-30 21:29:37,999 - INFO - Page fault handled: Page 165 loaded into Frame 13
2025-03-30 21:29:41,078 - INFO - Page fault handled: Page 174 loaded into Frame 14
2025-03-30 21:29:41,078 - INFO - Page fault handled: Page 174 loaded into Frame 14
2025-03-30 21:29:41,078 - INFO - Page fault handled: Page 87 loaded into Frame 15
2025-03-30 21:29:41,078 - INFO - Page fault handled: Page 87 loaded into Frame 15
2025-03-30 21:29:41,082 - INFO - Page fault handled: Page 11 loaded into Frame 0
2025-03-30 21:29:41,082 - INFO - Page fault handled: Page 11 loaded into Frame 0
2025-03-30 21:29:41,086 - INFO - Page fault handled: Page 61 loaded into Frame 1
2025-03-30 21:29:41,086 - INFO - Page fault handled: Page 61 loaded into Frame 1
2025-03-30 21:29:41,086 - INFO - Page fault handled: Page 123 loaded into Frame 2
2025-03-30 21:29:41,086 - INFO - Page fault handled: Page 123 loaded into Frame 2
2025-03-30 21:29:43,032 - INFO - Page fault handled: Page 42 loaded into Frame 3
2025-03-30 21:29:43,032 - INFO - Page fault handled: Page 42 loaded into Frame 3
2025-03-30 21:29:43,036 - INFO - Page fault handled: Page 170 loaded into Frame 4
2025-03-30 21:29:43,036 - INFO - Page fault handled: Page 170 loaded into Frame 4
2025-03-30 21:29:43,036 - INFO - Page fault handled: Page 130 loaded into Frame 5
2025-03-30 21:29:43,036 - INFO - Page fault handled: Page 130 loaded into Frame 5
2025-03-30 21:29:43,040 - INFO - Page fault handled: Page 175 loaded into Frame 6
2025-03-30 21:29:43,040 - INFO - Page fault handled: Page 175 loaded into Frame 6
2025-03-30 21:29:43,040 - INFO - Page fault handled: Page 221 loaded into Frame 7
2025-03-30 21:29:43,040 - INFO - Page fault handled: Page 221 loaded into Frame 7
2025-03-30 21:29:45,414 - INFO - Page fault handled: Page 19 loaded into Frame 8
2025-03-30 21:29:45,414 - INFO - Page fault handled: Page 19 loaded into Frame 8
2025-03-30 21:29:45,415 - INFO - Page fault handled: Page 196 loaded into Frame 9
2025-03-30 21:29:45,415 - INFO - Page fault handled: Page 196 loaded into Frame 9
2025-03-30 21:29:45,417 - INFO - Page fault handled: Page 75 loaded into Frame 10
2025-03-30 21:29:45,417 - INFO - Page fault handled: Page 75 loaded into Frame 10
2025-03-30 21:29:45,419 - INFO - Page fault handled: Page 142 loaded into Frame 11
2025-03-30 21:29:45,419 - INFO - Page fault handled: Page 142 loaded into Frame 11
2025-03-30 21:29:45,419 - INFO - Page fault handled: Page 40 loaded into Frame 12
2025-03-30 21:29:45,419 - INFO - Page fault handled: Page 40 loaded into Frame 12
2025-03-30 21:29:47,023 - INFO - Page fault handled: Page 230 loaded into Frame 13
2025-03-30 21:29:47,023 - INFO - Page fault handled: Page 230 loaded into Frame 13
2025-03-30 21:29:47,025 - INFO - Page fault handled: Page 20 loaded into Frame 14
2025-03-30 21:29:47,025 - INFO - Page fault handled: Page 20 loaded into Frame 14
2025-03-30 21:29:47,029 - INFO - Page fault handled: Page 228 loaded into Frame 15
2025-03-30 21:29:47,029 - INFO - Page fault handled: Page 228 loaded into Frame 15
2025-03-30 21:29:47,034 - INFO - Page fault handled: Page 107 loaded into Frame 0
2025-03-30 21:29:47,034 - INFO - Page fault handled: Page 107 loaded into Frame 0
2025-03-30 21:29:48,306 - INFO - Page fault handled: Page 201 loaded into Frame 1
2025-03-30 21:29:48,306 - INFO - Page fault handled: Page 201 loaded into Frame 1
2025-03-30 21:29:48,314 - INFO - Page fault handled: Page 26 loaded into Frame 2
2025-03-30 21:29:48,314 - INFO - Page fault handled: Page 26 loaded into Frame 2
2025-03-30 21:29:48,318 - INFO - Page fault handled: Page 83 loaded into Frame 3
2025-03-30 21:29:48,318 - INFO - Page fault handled: Page 83 loaded into Frame 3
2025-03-30 21:29:48,318 - INFO - Page fault handled: Page 119 loaded into Frame 4
2025-03-30 21:29:48,318 - INFO - Page fault handled: Page 119 loaded into Frame 4
2025-03-30 21:29:49,240 - INFO - Page fault handled: Page 113 loaded into Frame 5
2025-03-30 21:29:49,240 - INFO - Page fault handled: Page 113 loaded into Frame 5
2025-03-30 21:29:49,244 - INFO - Page fault handled: Page 160 loaded into Frame 6
2025-03-30 21:29:49,244 - INFO - Page fault handled: Page 160 loaded into Frame 6
2025-03-30 21:29:49,247 - INFO - Page fault handled: Page 79 loaded into Frame 7
2025-03-30 21:29:49,247 - INFO - Page fault handled: Page 79 loaded into Frame 7
2025-03-30 21:29:49,249 - INFO - Page fault handled: Page 226 loaded into Frame 8
2025-03-30 21:29:49,249 - INFO - Page fault handled: Page 226 loaded into Frame 8
2025-03-30 21:29:49,249 - INFO - Page fault handled: Page 247 loaded into Frame 9
2025-03-30 21:29:49,249 - INFO - Page fault handled: Page 247 loaded into Frame 9
2025-03-30 21:29:50,116 - INFO - Page fault handled: Page 2 loaded into Frame 10
2025-03-30 21:29:50,116 - INFO - Page fault handled: Page 2 loaded into Frame 10
2025-03-30 21:29:50,116 - INFO - Page fault handled: Page 168 loaded into Frame 11
2025-03-30 21:29:50,116 - INFO - Page fault handled: Page 168 loaded into Frame 11
2025-03-30 21:29:50,120 - INFO - Page fault handled: Page 188 loaded into Frame 12
2025-03-30 21:29:50,120 - INFO - Page fault handled: Page 188 loaded into Frame 12
2025-03-30 21:29:50,120 - INFO - Page fault handled: Page 135 loaded into Frame 13
2025-03-30 21:29:50,120 - INFO - Page fault handled: Page 135 loaded into Frame 13
2025-03-30 21:29:51,015 - INFO - Page fault handled: Page 192 loaded into Frame 14
2025-03-30 21:29:51,015 - INFO - Page fault handled: Page 192 loaded into Frame 14
2025-03-30 21:29:51,018 - INFO - Page fault handled: Page 144 loaded into Frame 15
2025-03-30 21:29:51,018 - INFO - Page fault handled: Page 144 loaded into Frame 15
2025-03-30 21:29:51,021 - INFO - Page fault handled: Page 231 loaded into Frame 0
2025-03-30 21:29:51,021 - INFO - Page fault handled: Page 231 loaded into Frame 0
2025-03-30 21:29:51,022 - INFO - Page fault handled: Page 197 loaded into Frame 1
2025-03-30 21:29:51,022 - INFO - Page fault handled: Page 197 loaded into Frame 1
2025-03-30 21:29:51,025 - INFO - Page fault handled: Page 69 loaded into Frame 2
2025-03-30 21:29:51,025 - INFO - Page fault handled: Page 69 loaded into Frame 2
2025-03-30 21:29:51,870 - INFO - Page fault handled: Page 70 loaded into Frame 3
2025-03-30 21:29:51,870 - INFO - Page fault handled: Page 70 loaded into Frame 3
2025-03-30 21:29:51,874 - INFO - Page fault handled: Page 15 loaded into Frame 4
2025-03-30 21:29:51,874 - INFO - Page fault handled: Page 15 loaded into Frame 4
2025-03-30 21:29:51,878 - INFO - Page fault handled: Page 212 loaded into Frame 5
2025-03-30 21:29:51,878 - INFO - Page fault handled: Page 212 loaded into Frame 5
2025-03-30 21:29:51,878 - INFO - Page fault handled: Page 167 loaded into Frame 6
2025-03-30 21:29:51,878 - INFO - Page fault handled: Page 167 loaded into Frame 6
2025-03-30 21:29:51,883 - INFO - Page fault handled: Page 183 loaded into Frame 7
2025-03-30 21:29:51,883 - INFO - Page fault handled: Page 183 loaded into Frame 7
2025-03-30 21:29:52,805 - INFO - Page fault handled: Page 230 loaded into Frame 8
2025-03-30 21:29:52,805 - INFO - Page fault handled: Page 230 loaded into Frame 8
2025-03-30 21:29:52,809 - INFO - Page fault handled: Page 33 loaded into Frame 9
2025-03-30 21:29:52,809 - INFO - Page fault handled: Page 33 loaded into Frame 9
2025-03-30 21:29:52,813 - INFO - Page fault handled: Page 149 loaded into Frame 10
2025-03-30 21:29:52,813 - INFO - Page fault handled: Page 149 loaded into Frame 10
2025-03-30 21:29:52,814 - INFO - Page fault handled: Page 251 loaded into Frame 11
2025-03-30 21:29:52,814 - INFO - Page fault handled: Page 251 loaded into Frame 11
2025-03-30 21:29:52,817 - INFO - Page fault handled: Page 91 loaded into Frame 12
2025-03-30 21:29:52,817 - INFO - Page fault handled: Page 91 loaded into Frame 12
2025-03-30 21:29:53,725 - INFO - Page fault handled: Page 166 loaded into Frame 13
2025-03-30 21:29:53,725 - INFO - Page fault handled: Page 166 loaded into Frame 13
2025-03-30 21:29:53,728 - INFO - Page fault handled: Page 62 loaded into Frame 14
2025-03-30 21:29:53,728 - INFO - Page fault handled: Page 62 loaded into Frame 14
2025-03-30 21:29:53,728 - INFO - Page fault handled: Page 61 loaded into Frame 15
2025-03-30 21:29:53,728 - INFO - Page fault handled: Page 61 loaded into Frame 15
2025-03-30 21:29:53,733 - INFO - Page fault handled: Page 87 loaded into Frame 0
2025-03-30 21:29:53,733 - INFO - Page fault handled: Page 87 loaded into Frame 0
2025-03-30 21:29:53,733 - INFO - Page fault handled: Page 146 loaded into Frame 1
2025-03-30 21:29:53,733 - INFO - Page fault handled: Page 146 loaded into Frame 1
2025-03-30 21:29:55,198 - INFO - Page fault handled: Page 21 loaded into Frame 2
2025-03-30 21:29:55,198 - INFO - Page fault handled: Page 21 loaded into Frame 2
2025-03-30 21:29:55,202 - INFO - Page fault handled: Page 249 loaded into Frame 3
2025-03-30 21:29:55,202 - INFO - Page fault handled: Page 249 loaded into Frame 3
2025-03-30 21:29:55,202 - INFO - Page fault handled: Page 244 loaded into Frame 4
2025-03-30 21:29:55,202 - INFO - Page fault handled: Page 244 loaded into Frame 4
2025-03-30 21:29:55,205 - INFO - Page fault handled: Page 128 loaded into Frame 5
2025-03-30 21:29:55,205 - INFO - Page fault handled: Page 128 loaded into Frame 5
2025-03-30 21:29:56,587 - INFO - Page fault handled: Page 246 loaded into Frame 6
2025-03-30 21:29:56,587 - INFO - Page fault handled: Page 246 loaded into Frame 6
2025-03-30 21:29:56,591 - INFO - Page fault handled: Page 241 loaded into Frame 7
2025-03-30 21:29:56,591 - INFO - Page fault handled: Page 241 loaded into Frame 7
2025-03-30 21:29:56,592 - INFO - Page fault handled: Page 76 loaded into Frame 8
2025-03-30 21:29:56,592 - INFO - Page fault handled: Page 76 loaded into Frame 8
2025-03-30 21:29:56,595 - INFO - Page fault handled: Page 113 loaded into Frame 9
2025-03-30 21:29:56,595 - INFO - Page fault handled: Page 113 loaded into Frame 9
2025-03-30 21:29:56,611 - INFO - Page fault handled: Page 175 loaded into Frame 10
2025-03-30 21:29:56,611 - INFO - Page fault handled: Page 175 loaded into Frame 10
2025-03-30 21:29:57,621 - INFO - Page fault handled: Page 109 loaded into Frame 11
2025-03-30 21:29:57,621 - INFO - Page fault handled: Page 109 loaded into Frame 11
2025-03-30 21:29:57,626 - INFO - Page fault handled: Page 36 loaded into Frame 12
2025-03-30 21:29:57,626 - INFO - Page fault handled: Page 36 loaded into Frame 12
2025-03-30 21:29:57,630 - INFO - Page fault handled: Page 174 loaded into Frame 13
2025-03-30 21:29:57,630 - INFO - Page fault handled: Page 174 loaded into Frame 13
2025-03-30 21:29:57,630 - INFO - Page fault handled: Page 240 loaded into Frame 14
2025-03-30 21:29:57,630 - INFO - Page fault handled: Page 240 loaded into Frame 14
2025-03-30 21:29:57,638 - INFO - Page fault handled: Page 122 loaded into Frame 15
2025-03-30 21:29:57,638 - INFO - Page fault handled: Page 122 loaded into Frame 15
2025-03-30 21:29:58,596 - INFO - Page fault handled: Page 237 loaded into Frame 0
2025-03-30 21:29:58,596 - INFO - Page fault handled: Page 237 loaded into Frame 0
2025-03-30 21:29:58,600 - INFO - Page fault handled: Page 47 loaded into Frame 1
2025-03-30 21:29:58,600 - INFO - Page fault handled: Page 47 loaded into Frame 1
2025-03-30 21:29:58,601 - INFO - Page fault handled: Page 243 loaded into Frame 2
2025-03-30 21:29:58,601 - INFO - Page fault handled: Page 243 loaded into Frame 2
2025-03-30 21:29:58,601 - INFO - Page fault handled: Page 85 loaded into Frame 3
2025-03-30 21:29:58,601 - INFO - Page fault handled: Page 85 loaded into Frame 3
2025-03-30 21:29:58,605 - INFO - Page fault handled: Page 103 loaded into Frame 4
2025-03-30 21:29:58,605 - INFO - Page fault handled: Page 103 loaded into Frame 4
2025-03-30 21:29:59,515 - INFO - Page fault handled: Page 58 loaded into Frame 5
2025-03-30 21:29:59,515 - INFO - Page fault handled: Page 58 loaded into Frame 5
2025-03-30 21:29:59,517 - INFO - Page fault handled: Page 161 loaded into Frame 6
2025-03-30 21:29:59,517 - INFO - Page fault handled: Page 161 loaded into Frame 6
2025-03-30 21:29:59,517 - INFO - Page fault handled: Page 219 loaded into Frame 7
2025-03-30 21:29:59,517 - INFO - Page fault handled: Page 219 loaded into Frame 7
2025-03-30 21:29:59,521 - INFO - Page fault handled: Page 203 loaded into Frame 8
2025-03-30 21:29:59,521 - INFO - Page fault handled: Page 203 loaded into Frame 8
2025-03-30 21:29:59,522 - INFO - Page fault handled: Page 187 loaded into Frame 9
2025-03-30 21:29:59,522 - INFO - Page fault handled: Page 187 loaded into Frame 9
2025-03-30 21:30:00,450 - INFO - Page fault handled: Page 232 loaded into Frame 10
2025-03-30 21:30:00,450 - INFO - Page fault handled: Page 232 loaded into Frame 10
2025-03-30 21:30:00,452 - INFO - Page fault handled: Page 198 loaded into Frame 11
2025-03-30 21:30:00,452 - INFO - Page fault handled: Page 198 loaded into Frame 11
2025-03-30 21:30:00,454 - INFO - Page fault handled: Page 27 loaded into Frame 12
2025-03-30 21:30:00,454 - INFO - Page fault handled: Page 27 loaded into Frame 12
2025-03-30 21:30:00,459 - INFO - Page fault handled: Page 136 loaded into Frame 13
2025-03-30 21:30:00,459 - INFO - Page fault handled: Page 136 loaded into Frame 13
2025-03-30 21:30:00,459 - INFO - Page fault handled: Page 105 loaded into Frame 14
2025-03-30 21:30:00,459 - INFO - Page fault handled: Page 105 loaded into Frame 14
2025-03-30 21:30:01,328 - INFO - Page fault handled: Page 202 loaded into Frame 15
2025-03-30 21:30:01,328 - INFO - Page fault handled: Page 202 loaded into Frame 15
2025-03-30 21:30:01,328 - INFO - Page fault handled: Page 236 loaded into Frame 0
2025-03-30 21:30:01,328 - INFO - Page fault handled: Page 236 loaded into Frame 0
2025-03-30 21:30:01,333 - INFO - Page fault handled: Page 168 loaded into Frame 1
2025-03-30 21:30:01,333 - INFO - Page fault handled: Page 168 loaded into Frame 1
2025-03-30 21:30:01,337 - INFO - Page fault handled: Page 41 loaded into Frame 2
2025-03-30 21:30:01,337 - INFO - Page fault handled: Page 41 loaded into Frame 2
2025-03-30 21:30:01,341 - INFO - Page fault handled: Page 18 loaded into Frame 3
2025-03-30 21:30:01,341 - INFO - Page fault handled: Page 18 loaded into Frame 3
2025-03-30 21:30:02,168 - INFO - Page fault handled: Page 111 loaded into Frame 4
2025-03-30 21:30:02,168 - INFO - Page fault handled: Page 111 loaded into Frame 4
2025-03-30 21:30:02,176 - INFO - Page fault handled: Page 152 loaded into Frame 5
2025-03-30 21:30:02,176 - INFO - Page fault handled: Page 152 loaded into Frame 5
2025-03-30 21:30:02,188 - INFO - Page fault handled: Page 248 loaded into Frame 6
2025-03-30 21:30:02,188 - INFO - Page fault handled: Page 248 loaded into Frame 6
2025-03-30 21:30:02,192 - INFO - Page fault handled: Page 253 loaded into Frame 7
2025-03-30 21:30:02,192 - INFO - Page fault handled: Page 253 loaded into Frame 7
2025-03-30 21:30:03,083 - INFO - Page fault handled: Page 245 loaded into Frame 8
2025-03-30 21:30:03,083 - INFO - Page fault handled: Page 245 loaded into Frame 8
2025-03-30 21:30:03,086 - INFO - Page fault handled: Page 106 loaded into Frame 9
2025-03-30 21:30:03,086 - INFO - Page fault handled: Page 106 loaded into Frame 9
2025-03-30 21:30:03,088 - INFO - Page fault handled: Page 112 loaded into Frame 10
2025-03-30 21:30:03,088 - INFO - Page fault handled: Page 112 loaded into Frame 10
2025-03-30 21:30:03,091 - INFO - Page fault handled: Page 241 loaded into Frame 11
2025-03-30 21:30:03,091 - INFO - Page fault handled: Page 241 loaded into Frame 11
2025-03-30 21:30:03,093 - INFO - Page fault handled: Page 42 loaded into Frame 12
2025-03-30 21:30:03,093 - INFO - Page fault handled: Page 42 loaded into Frame 12
2025-03-30 21:30:03,982 - INFO - Page fault handled: Page 25 loaded into Frame 13
2025-03-30 21:30:03,982 - INFO - Page fault handled: Page 25 loaded into Frame 13
2025-03-30 21:30:03,982 - INFO - Page fault handled: Page 147 loaded into Frame 14
2025-03-30 21:30:03,982 - INFO - Page fault handled: Page 147 loaded into Frame 14
2025-03-30 21:30:03,986 - INFO - Page fault handled: Page 169 loaded into Frame 15
2025-03-30 21:30:03,986 - INFO - Page fault handled: Page 169 loaded into Frame 15
2025-03-30 21:30:03,992 - INFO - Page fault handled: Page 88 loaded into Frame 0
2025-03-30 21:30:03,992 - INFO - Page fault handled: Page 88 loaded into Frame 0
2025-03-30 21:30:04,945 - INFO - Page fault handled: Page 184 loaded into Frame 1
2025-03-30 21:30:04,945 - INFO - Page fault handled: Page 184 loaded into Frame 1
2025-03-30 21:30:04,945 - INFO - Page fault handled: Page 205 loaded into Frame 2
2025-03-30 21:30:04,945 - INFO - Page fault handled: Page 205 loaded into Frame 2
2025-03-30 21:30:04,951 - INFO - Page fault handled: Page 135 loaded into Frame 3
2025-03-30 21:30:04,951 - INFO - Page fault handled: Page 135 loaded into Frame 3
2025-03-30 21:30:04,951 - INFO - Page fault handled: Page 128 loaded into Frame 4
2025-03-30 21:30:04,951 - INFO - Page fault handled: Page 128 loaded into Frame 4
2025-03-30 21:30:04,954 - INFO - Page fault handled: Page 50 loaded into Frame 5
2025-03-30 21:30:04,954 - INFO - Page fault handled: Page 50 loaded into Frame 5
2025-03-30 21:30:05,871 - INFO - Page fault handled: Page 255 loaded into Frame 6
2025-03-30 21:30:05,871 - INFO - Page fault handled: Page 255 loaded into Frame 6
2025-03-30 21:30:05,875 - INFO - Page fault handled: Page 223 loaded into Frame 7
2025-03-30 21:30:05,875 - INFO - Page fault handled: Page 223 loaded into Frame 7
2025-03-30 21:30:05,875 - INFO - Page fault handled: Page 49 loaded into Frame 8
2025-03-30 21:30:05,875 - INFO - Page fault handled: Page 49 loaded into Frame 8
2025-03-30 21:30:05,879 - INFO - Page fault handled: Page 54 loaded into Frame 9
2025-03-30 21:30:05,879 - INFO - Page fault handled: Page 54 loaded into Frame 9
2025-03-30 21:30:06,775 - INFO - Page fault handled: Page 192 loaded into Frame 10
2025-03-30 21:30:06,775 - INFO - Page fault handled: Page 192 loaded into Frame 10
2025-03-30 21:30:06,780 - INFO - Page fault handled: Page 196 loaded into Frame 11
2025-03-30 21:30:06,780 - INFO - Page fault handled: Page 196 loaded into Frame 11
2025-03-30 21:30:06,782 - INFO - Page fault handled: Page 194 loaded into Frame 12
2025-03-30 21:30:06,782 - INFO - Page fault handled: Page 194 loaded into Frame 12
2025-03-30 21:30:06,784 - INFO - Page fault handled: Page 60 loaded into Frame 13
2025-03-30 21:30:06,784 - INFO - Page fault handled: Page 60 loaded into Frame 13
2025-03-30 21:30:07,650 - INFO - Page fault handled: Page 185 loaded into Frame 14
2025-03-30 21:30:07,650 - INFO - Page fault handled: Page 185 loaded into Frame 14
2025-03-30 21:30:07,653 - INFO - Page fault handled: Page 59 loaded into Frame 15
2025-03-30 21:30:07,653 - INFO - Page fault handled: Page 59 loaded into Frame 15
2025-03-30 21:30:07,659 - INFO - Page fault handled: Page 200 loaded into Frame 0
2025-03-30 21:30:07,659 - INFO - Page fault handled: Page 200 loaded into Frame 0
2025-03-30 21:30:08,578 - INFO - Page fault handled: Page 190 loaded into Frame 1
2025-03-30 21:30:08,578 - INFO - Page fault handled: Page 190 loaded into Frame 1
2025-03-30 21:30:08,578 - INFO - Page fault handled: Page 47 loaded into Frame 2
2025-03-30 21:30:08,578 - INFO - Page fault handled: Page 47 loaded into Frame 2
2025-03-30 21:30:08,586 - INFO - Page fault handled: Page 7 loaded into Frame 3
2025-03-30 21:30:08,586 - INFO - Page fault handled: Page 7 loaded into Frame 3
2025-03-30 21:30:08,590 - INFO - Page fault handled: Page 236 loaded into Frame 4
2025-03-30 21:30:08,590 - INFO - Page fault handled: Page 236 loaded into Frame 4
2025-03-30 21:30:08,592 - INFO - Page fault handled: Page 57 loaded into Frame 5
2025-03-30 21:30:08,592 - INFO - Page fault handled: Page 57 loaded into Frame 5
2025-03-30 21:30:09,450 - INFO - Page fault handled: Page 94 loaded into Frame 6
2025-03-30 21:30:09,450 - INFO - Page fault handled: Page 94 loaded into Frame 6
2025-03-30 21:30:09,455 - INFO - Page fault handled: Page 31 loaded into Frame 7
2025-03-30 21:30:09,455 - INFO - Page fault handled: Page 31 loaded into Frame 7
2025-03-30 21:30:09,459 - INFO - Page fault handled: Page 88 loaded into Frame 8
2025-03-30 21:30:09,459 - INFO - Page fault handled: Page 88 loaded into Frame 8
2025-03-30 21:30:10,382 - INFO - Page fault handled: Page 128 loaded into Frame 9
2025-03-30 21:30:10,382 - INFO - Page fault handled: Page 128 loaded into Frame 9
2025-03-30 21:30:10,383 - INFO - Page fault handled: Page 152 loaded into Frame 10
2025-03-30 21:30:10,383 - INFO - Page fault handled: Page 152 loaded into Frame 10
2025-03-30 21:30:10,391 - INFO - Page fault handled: Page 76 loaded into Frame 11
2025-03-30 21:30:10,391 - INFO - Page fault handled: Page 76 loaded into Frame 11
2025-03-30 21:30:10,394 - INFO - Page fault handled: Page 227 loaded into Frame 12
2025-03-30 21:30:10,394 - INFO - Page fault handled: Page 227 loaded into Frame 12
2025-03-30 21:30:10,396 - INFO - Page fault handled: Page 249 loaded into Frame 13
2025-03-30 21:30:10,396 - INFO - Page fault handled: Page 249 loaded into Frame 13
2025-03-30 21:30:11,282 - INFO - Page fault handled: Page 207 loaded into Frame 14
2025-03-30 21:30:11,282 - INFO - Page fault handled: Page 207 loaded into Frame 14
2025-03-30 21:30:11,282 - INFO - Page fault handled: Page 218 loaded into Frame 15
2025-03-30 21:30:11,282 - INFO - Page fault handled: Page 218 loaded into Frame 15
2025-03-30 21:30:11,286 - INFO - Page fault handled: Page 2 loaded into Frame 0
2025-03-30 21:30:11,286 - INFO - Page fault handled: Page 2 loaded into Frame 0
2025-03-30 21:30:11,286 - INFO - Page fault handled: Page 200 loaded into Frame 1
2025-03-30 21:30:11,286 - INFO - Page fault handled: Page 200 loaded into Frame 1
2025-03-30 21:30:11,291 - INFO - Page fault handled: Page 250 loaded into Frame 2
2025-03-30 21:30:11,291 - INFO - Page fault handled: Page 250 loaded into Frame 2
2025-03-30 21:30:12,129 - INFO - Page fault handled: Page 214 loaded into Frame 3
2025-03-30 21:30:12,129 - INFO - Page fault handled: Page 214 loaded into Frame 3
2025-03-30 21:30:12,132 - INFO - Page fault handled: Page 110 loaded into Frame 4
2025-03-30 21:30:12,132 - INFO - Page fault handled: Page 110 loaded into Frame 4
2025-03-30 21:30:12,134 - INFO - Page fault handled: Page 40 loaded into Frame 5
2025-03-30 21:30:12,134 - INFO - Page fault handled: Page 40 loaded into Frame 5
2025-03-30 21:30:12,138 - INFO - Page fault handled: Page 60 loaded into Frame 6
2025-03-30 21:30:12,138 - INFO - Page fault handled: Page 60 loaded into Frame 6
2025-03-30 21:30:12,142 - INFO - Page fault handled: Page 50 loaded into Frame 7
2025-03-30 21:30:12,142 - INFO - Page fault handled: Page 50 loaded into Frame 7
2025-03-30 21:30:13,060 - INFO - Page fault handled: Page 8 loaded into Frame 8
2025-03-30 21:30:13,060 - INFO - Page fault handled: Page 8 loaded into Frame 8
2025-03-30 21:30:13,064 - INFO - Page fault handled: Page 208 loaded into Frame 9
2025-03-30 21:30:13,064 - INFO - Page fault handled: Page 208 loaded into Frame 9
2025-03-30 21:30:13,069 - INFO - Page fault handled: Page 232 loaded into Frame 10
2025-03-30 21:30:13,069 - INFO - Page fault handled: Page 232 loaded into Frame 10
2025-03-30 21:30:13,069 - INFO - Page fault handled: Page 58 loaded into Frame 11
2025-03-30 21:30:13,069 - INFO - Page fault handled: Page 58 loaded into Frame 11
2025-03-30 21:30:13,073 - INFO - Page fault handled: Page 143 loaded into Frame 12
2025-03-30 21:30:13,073 - INFO - Page fault handled: Page 143 loaded into Frame 12
2025-03-30 21:30:14,010 - INFO - Page fault handled: Page 90 loaded into Frame 13
2025-03-30 21:30:14,010 - INFO - Page fault handled: Page 90 loaded into Frame 13
2025-03-30 21:30:14,012 - INFO - Page fault handled: Page 142 loaded into Frame 14
2025-03-30 21:30:14,012 - INFO - Page fault handled: Page 142 loaded into Frame 14
2025-03-30 21:30:14,014 - INFO - Page fault handled: Page 52 loaded into Frame 15
2025-03-30 21:30:14,014 - INFO - Page fault handled: Page 52 loaded into Frame 15
2025-03-30 21:30:14,016 - INFO - Page fault handled: Page 77 loaded into Frame 0
2025-03-30 21:30:14,016 - INFO - Page fault handled: Page 77 loaded into Frame 0
2025-03-30 21:30:14,016 - INFO - Page fault handled: Page 101 loaded into Frame 1
2025-03-30 21:30:14,016 - INFO - Page fault handled: Page 101 loaded into Frame 1
2025-03-30 21:30:14,876 - INFO - Page fault handled: Page 244 loaded into Frame 2
2025-03-30 21:30:14,876 - INFO - Page fault handled: Page 244 loaded into Frame 2
2025-03-30 21:30:14,877 - INFO - Page fault handled: Page 114 loaded into Frame 3
2025-03-30 21:30:14,877 - INFO - Page fault handled: Page 114 loaded into Frame 3
2025-03-30 21:30:14,882 - INFO - Page fault handled: Page 148 loaded into Frame 4
2025-03-30 21:30:14,882 - INFO - Page fault handled: Page 148 loaded into Frame 4
2025-03-30 21:30:14,882 - INFO - Page fault handled: Page 228 loaded into Frame 5
2025-03-30 21:30:14,882 - INFO - Page fault handled: Page 228 loaded into Frame 5
2025-03-30 21:30:15,820 - INFO - Page fault handled: Page 222 loaded into Frame 6
2025-03-30 21:30:15,820 - INFO - Page fault handled: Page 222 loaded into Frame 6
2025-03-30 21:30:15,822 - INFO - Page fault handled: Page 161 loaded into Frame 7
2025-03-30 21:30:15,822 - INFO - Page fault handled: Page 161 loaded into Frame 7
2025-03-30 21:30:15,825 - INFO - Page fault handled: Page 212 loaded into Frame 8
2025-03-30 21:30:15,825 - INFO - Page fault handled: Page 212 loaded into Frame 8
2025-03-30 21:30:15,828 - INFO - Page fault handled: Page 14 loaded into Frame 9
2025-03-30 21:30:15,828 - INFO - Page fault handled: Page 14 loaded into Frame 9
2025-03-30 21:30:15,829 - INFO - Page fault handled: Page 197 loaded into Frame 10
2025-03-30 21:30:15,829 - INFO - Page fault handled: Page 197 loaded into Frame 10
2025-03-30 21:30:16,712 - INFO - Page fault handled: Page 79 loaded into Frame 11
2025-03-30 21:30:16,712 - INFO - Page fault handled: Page 79 loaded into Frame 11
2025-03-30 21:30:16,715 - INFO - Page fault handled: Page 123 loaded into Frame 12
2025-03-30 21:30:16,715 - INFO - Page fault handled: Page 123 loaded into Frame 12
2025-03-30 21:30:16,716 - INFO - Page fault handled: Page 209 loaded into Frame 13
2025-03-30 21:30:16,716 - INFO - Page fault handled: Page 209 loaded into Frame 13
2025-03-30 21:30:16,720 - INFO - Page fault handled: Page 111 loaded into Frame 14
2025-03-30 21:30:16,720 - INFO - Page fault handled: Page 111 loaded into Frame 14
2025-03-30 21:30:17,592 - INFO - Page fault handled: Page 91 loaded into Frame 15
2025-03-30 21:30:17,592 - INFO - Page fault handled: Page 91 loaded into Frame 15
2025-03-30 21:30:17,597 - INFO - Page fault handled: Page 82 loaded into Frame 0
2025-03-30 21:30:17,597 - INFO - Page fault handled: Page 82 loaded into Frame 0
2025-03-30 21:30:17,600 - INFO - Page fault handled: Page 219 loaded into Frame 1
2025-03-30 21:30:17,600 - INFO - Page fault handled: Page 219 loaded into Frame 1
2025-03-30 21:30:17,600 - INFO - Page fault handled: Page 224 loaded into Frame 2
2025-03-30 21:30:17,600 - INFO - Page fault handled: Page 224 loaded into Frame 2
2025-03-30 21:30:17,604 - INFO - Page fault handled: Page 155 loaded into Frame 3
2025-03-30 21:30:17,604 - INFO - Page fault handled: Page 155 loaded into Frame 3
2025-03-30 21:30:18,551 - INFO - Page fault handled: Page 136 loaded into Frame 4
2025-03-30 21:30:18,551 - INFO - Page fault handled: Page 136 loaded into Frame 4
2025-03-30 21:30:18,555 - INFO - Page fault handled: Page 96 loaded into Frame 5
2025-03-30 21:30:18,555 - INFO - Page fault handled: Page 96 loaded into Frame 5
2025-03-30 21:30:18,559 - INFO - Page fault handled: Page 163 loaded into Frame 6
2025-03-30 21:30:18,559 - INFO - Page fault handled: Page 163 loaded into Frame 6
2025-03-30 21:30:18,567 - INFO - Page fault handled: Page 244 loaded into Frame 7
2025-03-30 21:30:18,567 - INFO - Page fault handled: Page 244 loaded into Frame 7
2025-03-30 21:30:18,579 - INFO - Page fault handled: Page 228 loaded into Frame 8
2025-03-30 21:30:18,579 - INFO - Page fault handled: Page 228 loaded into Frame 8
2025-03-30 21:30:19,471 - INFO - Page fault handled: Page 81 loaded into Frame 9
2025-03-30 21:30:19,471 - INFO - Page fault handled: Page 81 loaded into Frame 9
2025-03-30 21:30:19,471 - INFO - Page fault handled: Page 192 loaded into Frame 10
2025-03-30 21:30:19,471 - INFO - Page fault handled: Page 192 loaded into Frame 10
2025-03-30 21:30:19,479 - INFO - Page fault handled: Page 158 loaded into Frame 11
2025-03-30 21:30:19,479 - INFO - Page fault handled: Page 158 loaded into Frame 11
2025-03-30 21:30:19,483 - INFO - Page fault handled: Page 93 loaded into Frame 12
2025-03-30 21:30:19,483 - INFO - Page fault handled: Page 93 loaded into Frame 12
2025-03-30 21:30:19,488 - INFO - Page fault handled: Page 137 loaded into Frame 13
2025-03-30 21:30:19,488 - INFO - Page fault handled: Page 137 loaded into Frame 13
2025-03-30 21:30:20,496 - INFO - Page fault handled: Page 245 loaded into Frame 14
2025-03-30 21:30:20,496 - INFO - Page fault handled: Page 245 loaded into Frame 14
2025-03-30 21:30:20,496 - INFO - Page fault handled: Page 221 loaded into Frame 15
2025-03-30 21:30:20,496 - INFO - Page fault handled: Page 221 loaded into Frame 15
2025-03-30 21:30:20,500 - INFO - Page fault handled: Page 43 loaded into Frame 0
2025-03-30 21:30:20,500 - INFO - Page fault handled: Page 43 loaded into Frame 0
2025-03-30 21:30:20,500 - INFO - Page fault handled: Page 152 loaded into Frame 1
2025-03-30 21:30:20,500 - INFO - Page fault handled: Page 152 loaded into Frame 1
2025-03-30 21:30:20,504 - INFO - Page fault handled: Page 91 loaded into Frame 2
2025-03-30 21:30:20,504 - INFO - Page fault handled: Page 91 loaded into Frame 2
2025-03-30 21:30:21,826 - INFO - Page fault handled: Page 224 loaded into Frame 3
2025-03-30 21:30:21,826 - INFO - Page fault handled: Page 224 loaded into Frame 3
2025-03-30 21:30:21,830 - INFO - Page fault handled: Page 12 loaded into Frame 4
2025-03-30 21:30:21,830 - INFO - Page fault handled: Page 12 loaded into Frame 4
2025-03-30 21:30:21,834 - INFO - Page fault handled: Page 26 loaded into Frame 5
2025-03-30 21:30:21,834 - INFO - Page fault handled: Page 26 loaded into Frame 5
2025-03-30 21:30:21,838 - INFO - Page fault handled: Page 198 loaded into Frame 6
2025-03-30 21:30:21,838 - INFO - Page fault handled: Page 198 loaded into Frame 6
2025-03-30 21:30:21,842 - INFO - Page fault handled: Page 202 loaded into Frame 7
2025-03-30 21:30:21,842 - INFO - Page fault handled: Page 202 loaded into Frame 7
2025-03-30 21:30:22,749 - INFO - Page fault handled: Page 78 loaded into Frame 8
2025-03-30 21:30:22,749 - INFO - Page fault handled: Page 78 loaded into Frame 8
2025-03-30 21:30:22,753 - INFO - Page fault handled: Page 4 loaded into Frame 9
2025-03-30 21:30:22,753 - INFO - Page fault handled: Page 4 loaded into Frame 9
2025-03-30 21:30:22,756 - INFO - Page fault handled: Page 47 loaded into Frame 10
2025-03-30 21:30:22,756 - INFO - Page fault handled: Page 47 loaded into Frame 10
2025-03-30 21:30:22,763 - INFO - Page fault handled: Page 68 loaded into Frame 11
2025-03-30 21:30:22,763 - INFO - Page fault handled: Page 68 loaded into Frame 11
2025-03-30 21:30:23,585 - INFO - Page fault handled: Page 111 loaded into Frame 12
2025-03-30 21:30:23,585 - INFO - Page fault handled: Page 111 loaded into Frame 12
2025-03-30 21:30:23,587 - INFO - Page fault handled: Page 166 loaded into Frame 13
2025-03-30 21:30:23,587 - INFO - Page fault handled: Page 166 loaded into Frame 13
2025-03-30 21:30:23,599 - INFO - Page fault handled: Page 116 loaded into Frame 14
2025-03-30 21:30:23,599 - INFO - Page fault handled: Page 116 loaded into Frame 14
2025-03-30 21:30:23,615 - INFO - Page fault handled: Page 54 loaded into Frame 15
2025-03-30 21:30:23,615 - INFO - Page fault handled: Page 54 loaded into Frame 15
2025-03-30 21:30:23,635 - INFO - Page fault handled: Page 106 loaded into Frame 0
2025-03-30 21:30:23,635 - INFO - Page fault handled: Page 106 loaded into Frame 0
2025-03-30 21:30:24,522 - INFO - Page fault handled: Page 208 loaded into Frame 1
2025-03-30 21:30:24,522 - INFO - Page fault handled: Page 208 loaded into Frame 1
2025-03-30 21:30:24,526 - INFO - Page fault handled: Page 45 loaded into Frame 2
2025-03-30 21:30:24,526 - INFO - Page fault handled: Page 45 loaded into Frame 2
2025-03-30 21:30:24,528 - INFO - Page fault handled: Page 162 loaded into Frame 3
2025-03-30 21:30:24,528 - INFO - Page fault handled: Page 162 loaded into Frame 3
2025-03-30 21:30:24,530 - INFO - Page fault handled: Page 132 loaded into Frame 4
2025-03-30 21:30:24,530 - INFO - Page fault handled: Page 132 loaded into Frame 4
2025-03-30 21:30:24,530 - INFO - Page fault handled: Page 19 loaded into Frame 5
2025-03-30 21:30:24,530 - INFO - Page fault handled: Page 19 loaded into Frame 5
2025-03-30 21:30:25,404 - INFO - Page fault handled: Page 224 loaded into Frame 6
2025-03-30 21:30:25,404 - INFO - Page fault handled: Page 224 loaded into Frame 6
2025-03-30 21:30:25,412 - INFO - Page fault handled: Page 15 loaded into Frame 7
2025-03-30 21:30:25,412 - INFO - Page fault handled: Page 15 loaded into Frame 7
2025-03-30 21:30:25,416 - INFO - Page fault handled: Page 228 loaded into Frame 8
2025-03-30 21:30:25,416 - INFO - Page fault handled: Page 228 loaded into Frame 8
2025-03-30 21:30:25,418 - INFO - Page fault handled: Page 244 loaded into Frame 9
2025-03-30 21:30:25,418 - INFO - Page fault handled: Page 244 loaded into Frame 9
2025-03-30 21:30:26,277 - INFO - Page fault handled: Page 8 loaded into Frame 10
2025-03-30 21:30:26,277 - INFO - Page fault handled: Page 8 loaded into Frame 10
2025-03-30 21:30:26,281 - INFO - Page fault handled: Page 202 loaded into Frame 11
2025-03-30 21:30:26,281 - INFO - Page fault handled: Page 202 loaded into Frame 11
2025-03-30 21:30:26,285 - INFO - Page fault handled: Page 24 loaded into Frame 12
2025-03-30 21:30:26,285 - INFO - Page fault handled: Page 24 loaded into Frame 12
2025-03-30 21:30:26,289 - INFO - Page fault handled: Page 148 loaded into Frame 13
2025-03-30 21:30:26,289 - INFO - Page fault handled: Page 148 loaded into Frame 13
2025-03-30 21:30:26,297 - INFO - Page fault handled: Page 231 loaded into Frame 14
2025-03-30 21:30:26,297 - INFO - Page fault handled: Page 231 loaded into Frame 14
2025-03-30 21:30:27,216 - INFO - Page fault handled: Page 239 loaded into Frame 15
2025-03-30 21:30:27,216 - INFO - Page fault handled: Page 239 loaded into Frame 15
2025-03-30 21:30:27,220 - INFO - Page fault handled: Page 104 loaded into Frame 0
2025-03-30 21:30:27,220 - INFO - Page fault handled: Page 104 loaded into Frame 0
2025-03-30 21:30:27,221 - INFO - Page fault handled: Page 199 loaded into Frame 1
2025-03-30 21:30:27,221 - INFO - Page fault handled: Page 199 loaded into Frame 1
2025-03-30 21:30:27,224 - INFO - Page fault handled: Page 232 loaded into Frame 2
2025-03-30 21:30:27,224 - INFO - Page fault handled: Page 232 loaded into Frame 2
2025-03-30 21:30:27,228 - INFO - Page fault handled: Page 28 loaded into Frame 3
2025-03-30 21:30:27,228 - INFO - Page fault handled: Page 28 loaded into Frame 3
2025-03-30 21:30:28,073 - INFO - Page fault handled: Page 79 loaded into Frame 4
2025-03-30 21:30:28,073 - INFO - Page fault handled: Page 79 loaded into Frame 4
2025-03-30 21:30:28,077 - INFO - Page fault handled: Page 154 loaded into Frame 5
2025-03-30 21:30:28,077 - INFO - Page fault handled: Page 154 loaded into Frame 5
2025-03-30 21:30:28,077 - INFO - Page fault handled: Page 6 loaded into Frame 6
2025-03-30 21:30:28,077 - INFO - Page fault handled: Page 6 loaded into Frame 6
2025-03-30 21:30:28,082 - INFO - Page fault handled: Page 29 loaded into Frame 7
2025-03-30 21:30:28,082 - INFO - Page fault handled: Page 29 loaded into Frame 7
2025-03-30 21:30:28,086 - INFO - Page fault handled: Page 31 loaded into Frame 8
2025-03-30 21:30:28,086 - INFO - Page fault handled: Page 31 loaded into Frame 8
2025-03-30 21:30:28,923 - INFO - Page fault handled: Page 243 loaded into Frame 9
2025-03-30 21:30:28,923 - INFO - Page fault handled: Page 243 loaded into Frame 9
2025-03-30 21:30:28,925 - INFO - Page fault handled: Page 139 loaded into Frame 10
2025-03-30 21:30:28,925 - INFO - Page fault handled: Page 139 loaded into Frame 10
2025-03-30 21:30:28,926 - INFO - Page fault handled: Page 108 loaded into Frame 11
2025-03-30 21:30:28,926 - INFO - Page fault handled: Page 108 loaded into Frame 11
2025-03-30 21:30:28,928 - INFO - Page fault handled: Page 51 loaded into Frame 12
2025-03-30 21:30:28,928 - INFO - Page fault handled: Page 51 loaded into Frame 12
2025-03-30 21:30:28,932 - INFO - Page fault handled: Page 38 loaded into Frame 13
2025-03-30 21:30:28,932 - INFO - Page fault handled: Page 38 loaded into Frame 13
2025-03-30 21:30:29,798 - INFO - Page fault handled: Page 173 loaded into Frame 14
2025-03-30 21:30:29,798 - INFO - Page fault handled: Page 173 loaded into Frame 14
2025-03-30 21:30:29,801 - INFO - Page fault handled: Page 192 loaded into Frame 15
2025-03-30 21:30:29,801 - INFO - Page fault handled: Page 192 loaded into Frame 15
2025-03-30 21:30:29,803 - INFO - Page fault handled: Page 142 loaded into Frame 0
2025-03-30 21:30:29,803 - INFO - Page fault handled: Page 142 loaded into Frame 0
2025-03-30 21:30:30,679 - INFO - Page fault handled: Page 48 loaded into Frame 1
2025-03-30 21:30:30,679 - INFO - Page fault handled: Page 48 loaded into Frame 1
2025-03-30 21:30:30,682 - INFO - Page fault handled: Page 193 loaded into Frame 2
2025-03-30 21:30:30,682 - INFO - Page fault handled: Page 193 loaded into Frame 2
2025-03-30 21:30:30,683 - INFO - Page fault handled: Page 110 loaded into Frame 3
2025-03-30 21:30:30,683 - INFO - Page fault handled: Page 110 loaded into Frame 3
2025-03-30 21:30:30,687 - INFO - Page fault handled: Page 175 loaded into Frame 4
2025-03-30 21:30:30,687 - INFO - Page fault handled: Page 175 loaded into Frame 4
2025-03-30 21:30:30,687 - INFO - Page fault handled: Page 33 loaded into Frame 5
2025-03-30 21:30:30,687 - INFO - Page fault handled: Page 33 loaded into Frame 5
2025-03-30 21:30:31,541 - INFO - Page fault handled: Page 64 loaded into Frame 6
2025-03-30 21:30:31,541 - INFO - Page fault handled: Page 64 loaded into Frame 6
2025-03-30 21:30:31,545 - INFO - Page fault handled: Page 163 loaded into Frame 7
2025-03-30 21:30:31,545 - INFO - Page fault handled: Page 163 loaded into Frame 7
2025-03-30 21:30:31,550 - INFO - Page fault handled: Page 177 loaded into Frame 8
2025-03-30 21:30:31,550 - INFO - Page fault handled: Page 177 loaded into Frame 8
2025-03-30 21:30:31,553 - INFO - Page fault handled: Page 132 loaded into Frame 9
2025-03-30 21:30:31,553 - INFO - Page fault handled: Page 132 loaded into Frame 9
2025-03-30 21:30:31,556 - INFO - Page fault handled: Page 76 loaded into Frame 10
2025-03-30 21:30:31,556 - INFO - Page fault handled: Page 76 loaded into Frame 10
2025-03-30 21:30:32,548 - INFO - Page fault handled: Page 68 loaded into Frame 11
2025-03-30 21:30:32,548 - INFO - Page fault handled: Page 68 loaded into Frame 11
2025-03-30 21:30:32,548 - INFO - Page fault handled: Page 249 loaded into Frame 12
2025-03-30 21:30:32,548 - INFO - Page fault handled: Page 249 loaded into Frame 12
2025-03-30 21:30:32,552 - INFO - Page fault handled: Page 164 loaded into Frame 13
2025-03-30 21:30:32,552 - INFO - Page fault handled: Page 164 loaded into Frame 13
2025-03-30 21:30:32,552 - INFO - Page fault handled: Page 113 loaded into Frame 14
2025-03-30 21:30:32,552 - INFO - Page fault handled: Page 113 loaded into Frame 14
2025-03-30 21:30:32,557 - INFO - Page fault handled: Page 119 loaded into Frame 15
2025-03-30 21:30:32,557 - INFO - Page fault handled: Page 119 loaded into Frame 15
2025-03-30 21:30:33,459 - INFO - Page fault handled: Page 34 loaded into Frame 0
2025-03-30 21:30:33,459 - INFO - Page fault handled: Page 34 loaded into Frame 0
2025-03-30 21:30:33,462 - INFO - Page fault handled: Page 204 loaded into Frame 1
2025-03-30 21:30:33,462 - INFO - Page fault handled: Page 204 loaded into Frame 1
2025-03-30 21:30:33,462 - INFO - Page fault handled: Page 151 loaded into Frame 2
2025-03-30 21:30:33,462 - INFO - Page fault handled: Page 151 loaded into Frame 2
2025-03-30 21:30:33,466 - INFO - Page fault handled: Page 205 loaded into Frame 3
2025-03-30 21:30:33,466 - INFO - Page fault handled: Page 205 loaded into Frame 3
2025-03-30 21:30:33,469 - INFO - Page fault handled: Page 95 loaded into Frame 4
2025-03-30 21:30:33,469 - INFO - Page fault handled: Page 95 loaded into Frame 4
2025-03-30 21:30:34,436 - INFO - Page fault handled: Page 226 loaded into Frame 5
2025-03-30 21:30:34,436 - INFO - Page fault handled: Page 226 loaded into Frame 5
2025-03-30 21:30:34,439 - INFO - Page fault handled: Page 11 loaded into Frame 6
2025-03-30 21:30:34,439 - INFO - Page fault handled: Page 11 loaded into Frame 6
2025-03-30 21:30:34,439 - INFO - Page fault handled: Page 32 loaded into Frame 7
2025-03-30 21:30:34,439 - INFO - Page fault handled: Page 32 loaded into Frame 7
2025-03-30 21:30:34,444 - INFO - Page fault handled: Page 69 loaded into Frame 8
2025-03-30 21:30:34,444 - INFO - Page fault handled: Page 69 loaded into Frame 8
2025-03-30 21:30:35,325 - INFO - Page fault handled: Page 178 loaded into Frame 9
2025-03-30 21:30:35,325 - INFO - Page fault handled: Page 178 loaded into Frame 9
2025-03-30 21:30:35,325 - INFO - Page fault handled: Page 187 loaded into Frame 10
2025-03-30 21:30:35,325 - INFO - Page fault handled: Page 187 loaded into Frame 10
2025-03-30 21:30:35,329 - INFO - Page fault handled: Page 233 loaded into Frame 11
2025-03-30 21:30:35,329 - INFO - Page fault handled: Page 233 loaded into Frame 11
2025-03-30 21:30:35,333 - INFO - Page fault handled: Page 40 loaded into Frame 12
2025-03-30 21:30:35,333 - INFO - Page fault handled: Page 40 loaded into Frame 12
2025-03-30 21:30:35,333 - INFO - Page fault handled: Page 206 loaded into Frame 13
2025-03-30 21:30:35,333 - INFO - Page fault handled: Page 206 loaded into Frame 13
2025-03-30 21:30:36,254 - INFO - Page fault handled: Page 251 loaded into Frame 14
2025-03-30 21:30:36,254 - INFO - Page fault handled: Page 251 loaded into Frame 14
2025-03-30 21:30:36,254 - INFO - Page fault handled: Page 159 loaded into Frame 15
2025-03-30 21:30:36,254 - INFO - Page fault handled: Page 159 loaded into Frame 15
2025-03-30 21:30:36,259 - INFO - Page fault handled: Page 65 loaded into Frame 0
2025-03-30 21:30:36,259 - INFO - Page fault handled: Page 65 loaded into Frame 0
2025-03-30 21:30:36,262 - INFO - Page fault handled: Page 106 loaded into Frame 1
2025-03-30 21:30:36,262 - INFO - Page fault handled: Page 106 loaded into Frame 1
2025-03-30 21:30:37,097 - INFO - Page fault handled: Page 126 loaded into Frame 2
2025-03-30 21:30:37,097 - INFO - Page fault handled: Page 126 loaded into Frame 2
2025-03-30 21:30:37,100 - INFO - Page fault handled: Page 35 loaded into Frame 3
2025-03-30 21:30:37,100 - INFO - Page fault handled: Page 35 loaded into Frame 3
2025-03-30 21:30:37,103 - INFO - Page fault handled: Page 255 loaded into Frame 4
2025-03-30 21:30:37,103 - INFO - Page fault handled: Page 255 loaded into Frame 4
2025-03-30 21:30:37,110 - INFO - Page fault handled: Page 76 loaded into Frame 5
2025-03-30 21:30:37,110 - INFO - Page fault handled: Page 76 loaded into Frame 5
2025-03-30 21:30:37,114 - INFO - Page fault handled: Page 43 loaded into Frame 6
2025-03-30 21:30:37,114 - INFO - Page fault handled: Page 43 loaded into Frame 6
2025-03-30 21:30:37,981 - INFO - Page fault handled: Page 254 loaded into Frame 7
2025-03-30 21:30:37,981 - INFO - Page fault handled: Page 254 loaded into Frame 7
2025-03-30 21:30:37,985 - INFO - Page fault handled: Page 226 loaded into Frame 8
2025-03-30 21:30:37,985 - INFO - Page fault handled: Page 226 loaded into Frame 8
2025-03-30 21:30:37,985 - INFO - Page fault handled: Page 240 loaded into Frame 9
2025-03-30 21:30:37,985 - INFO - Page fault handled: Page 240 loaded into Frame 9
2025-03-30 21:30:37,989 - INFO - Page fault handled: Page 248 loaded into Frame 10
2025-03-30 21:30:37,989 - INFO - Page fault handled: Page 248 loaded into Frame 10
2025-03-30 21:30:37,992 - INFO - Page fault handled: Page 68 loaded into Frame 11
2025-03-30 21:30:37,992 - INFO - Page fault handled: Page 68 loaded into Frame 11
2025-03-30 21:30:38,844 - INFO - Page fault handled: Page 213 loaded into Frame 12
2025-03-30 21:30:38,844 - INFO - Page fault handled: Page 213 loaded into Frame 12
2025-03-30 21:30:38,846 - INFO - Page fault handled: Page 6 loaded into Frame 13
2025-03-30 21:30:38,846 - INFO - Page fault handled: Page 6 loaded into Frame 13
2025-03-30 21:30:38,850 - INFO - Page fault handled: Page 215 loaded into Frame 14
2025-03-30 21:30:38,850 - INFO - Page fault handled: Page 215 loaded into Frame 14
2025-03-30 21:30:38,854 - INFO - Page fault handled: Page 176 loaded into Frame 15
2025-03-30 21:30:38,854 - INFO - Page fault handled: Page 176 loaded into Frame 15
2025-03-30 21:30:39,732 - INFO - Page fault handled: Page 102 loaded into Frame 0
2025-03-30 21:30:39,732 - INFO - Page fault handled: Page 102 loaded into Frame 0
2025-03-30 21:30:39,733 - INFO - Page fault handled: Page 250 loaded into Frame 1
2025-03-30 21:30:39,733 - INFO - Page fault handled: Page 250 loaded into Frame 1
2025-03-30 21:30:39,738 - INFO - Page fault handled: Page 115 loaded into Frame 2
2025-03-30 21:30:39,738 - INFO - Page fault handled: Page 115 loaded into Frame 2
2025-03-30 21:30:39,738 - INFO - Page fault handled: Page 7 loaded into Frame 3
2025-03-30 21:30:39,738 - INFO - Page fault handled: Page 7 loaded into Frame 3
2025-03-30 21:30:39,742 - INFO - Page fault handled: Page 154 loaded into Frame 4
2025-03-30 21:30:39,742 - INFO - Page fault handled: Page 154 loaded into Frame 4
2025-03-30 21:30:40,600 - INFO - Page fault handled: Page 125 loaded into Frame 5
2025-03-30 21:30:40,600 - INFO - Page fault handled: Page 125 loaded into Frame 5
2025-03-30 21:30:40,606 - INFO - Page fault handled: Page 111 loaded into Frame 6
2025-03-30 21:30:40,606 - INFO - Page fault handled: Page 111 loaded into Frame 6
2025-03-30 21:30:40,608 - INFO - Page fault handled: Page 180 loaded into Frame 7
2025-03-30 21:30:40,608 - INFO - Page fault handled: Page 180 loaded into Frame 7
2025-03-30 21:30:40,608 - INFO - Page fault handled: Page 88 loaded into Frame 8
2025-03-30 21:30:40,608 - INFO - Page fault handled: Page 88 loaded into Frame 8
2025-03-30 21:30:40,613 - INFO - Page fault handled: Page 227 loaded into Frame 9
2025-03-30 21:30:40,613 - INFO - Page fault handled: Page 227 loaded into Frame 9
2025-03-30 21:30:41,515 - INFO - Page fault handled: Page 127 loaded into Frame 10
2025-03-30 21:30:41,515 - INFO - Page fault handled: Page 127 loaded into Frame 10
2025-03-30 21:30:41,519 - INFO - Page fault handled: Page 218 loaded into Frame 11
2025-03-30 21:30:41,519 - INFO - Page fault handled: Page 218 loaded into Frame 11
2025-03-30 21:30:41,523 - INFO - Page fault handled: Page 181 loaded into Frame 12
2025-03-30 21:30:41,523 - INFO - Page fault handled: Page 181 loaded into Frame 12
2025-03-30 21:30:42,453 - INFO - Page fault handled: Page 29 loaded into Frame 13
2025-03-30 21:30:42,453 - INFO - Page fault handled: Page 29 loaded into Frame 13
2025-03-30 21:30:42,455 - INFO - Page fault handled: Page 132 loaded into Frame 14
2025-03-30 21:30:42,455 - INFO - Page fault handled: Page 132 loaded into Frame 14
2025-03-30 21:30:42,457 - INFO - Page fault handled: Page 164 loaded into Frame 15
2025-03-30 21:30:42,457 - INFO - Page fault handled: Page 164 loaded into Frame 15
2025-03-30 21:30:42,460 - INFO - Page fault handled: Page 33 loaded into Frame 0
2025-03-30 21:30:42,460 - INFO - Page fault handled: Page 33 loaded into Frame 0
2025-03-30 21:30:42,462 - INFO - Page fault handled: Page 72 loaded into Frame 1
2025-03-30 21:30:42,462 - INFO - Page fault handled: Page 72 loaded into Frame 1
2025-03-30 21:30:43,384 - INFO - Page fault handled: Page 191 loaded into Frame 2
2025-03-30 21:30:43,384 - INFO - Page fault handled: Page 191 loaded into Frame 2
2025-03-30 21:30:43,390 - INFO - Page fault handled: Page 104 loaded into Frame 3
2025-03-30 21:30:43,390 - INFO - Page fault handled: Page 104 loaded into Frame 3
2025-03-30 21:30:43,392 - INFO - Page fault handled: Page 135 loaded into Frame 4
2025-03-30 21:30:43,392 - INFO - Page fault handled: Page 135 loaded into Frame 4
2025-03-30 21:30:43,392 - INFO - Page fault handled: Page 57 loaded into Frame 5
2025-03-30 21:30:43,392 - INFO - Page fault handled: Page 57 loaded into Frame 5
2025-03-30 21:30:43,396 - INFO - Page fault handled: Page 149 loaded into Frame 6
2025-03-30 21:30:43,396 - INFO - Page fault handled: Page 149 loaded into Frame 6
2025-03-30 21:30:44,359 - INFO - Page fault handled: Page 151 loaded into Frame 7
2025-03-30 21:30:44,359 - INFO - Page fault handled: Page 151 loaded into Frame 7
2025-03-30 21:30:44,363 - INFO - Page fault handled: Page 16 loaded into Frame 8
2025-03-30 21:30:44,363 - INFO - Page fault handled: Page 16 loaded into Frame 8
2025-03-30 21:30:44,363 - INFO - Page fault handled: Page 179 loaded into Frame 9
2025-03-30 21:30:44,363 - INFO - Page fault handled: Page 179 loaded into Frame 9
2025-03-30 21:30:44,367 - INFO - Page fault handled: Page 243 loaded into Frame 10
2025-03-30 21:30:44,367 - INFO - Page fault handled: Page 243 loaded into Frame 10
2025-03-30 21:30:45,386 - INFO - Page fault handled: Page 252 loaded into Frame 11
2025-03-30 21:30:45,386 - INFO - Page fault handled: Page 252 loaded into Frame 11
2025-03-30 21:30:45,390 - INFO - Page fault handled: Page 42 loaded into Frame 12
2025-03-30 21:30:45,390 - INFO - Page fault handled: Page 42 loaded into Frame 12
2025-03-30 21:30:45,392 - INFO - Page fault handled: Page 35 loaded into Frame 13
2025-03-30 21:30:45,392 - INFO - Page fault handled: Page 35 loaded into Frame 13
2025-03-30 21:30:45,394 - INFO - Page fault handled: Page 199 loaded into Frame 14
2025-03-30 21:30:45,394 - INFO - Page fault handled: Page 199 loaded into Frame 14
2025-03-30 21:30:45,398 - INFO - Page fault handled: Page 126 loaded into Frame 15
2025-03-30 21:30:45,398 - INFO - Page fault handled: Page 126 loaded into Frame 15
2025-03-30 21:30:46,412 - INFO - Page fault handled: Page 177 loaded into Frame 0
2025-03-30 21:30:46,412 - INFO - Page fault handled: Page 177 loaded into Frame 0
2025-03-30 21:30:46,414 - INFO - Page fault handled: Page 174 loaded into Frame 1
2025-03-30 21:30:46,414 - INFO - Page fault handled: Page 174 loaded into Frame 1
2025-03-30 21:30:46,416 - INFO - Page fault handled: Page 248 loaded into Frame 2
2025-03-30 21:30:46,416 - INFO - Page fault handled: Page 248 loaded into Frame 2
2025-03-30 21:30:46,416 - INFO - Page fault handled: Page 214 loaded into Frame 3
2025-03-30 21:30:46,416 - INFO - Page fault handled: Page 214 loaded into Frame 3
2025-03-30 21:30:46,421 - INFO - Page fault handled: Page 29 loaded into Frame 4
2025-03-30 21:30:46,421 - INFO - Page fault handled: Page 29 loaded into Frame 4
2025-03-30 21:30:47,299 - INFO - Page fault handled: Page 220 loaded into Frame 5
2025-03-30 21:30:47,299 - INFO - Page fault handled: Page 220 loaded into Frame 5
2025-03-30 21:30:47,304 - INFO - Page fault handled: Page 5 loaded into Frame 6
2025-03-30 21:30:47,304 - INFO - Page fault handled: Page 5 loaded into Frame 6
2025-03-30 21:30:47,304 - INFO - Page fault handled: Page 111 loaded into Frame 7
2025-03-30 21:30:47,304 - INFO - Page fault handled: Page 111 loaded into Frame 7
2025-03-30 21:30:47,308 - INFO - Page fault handled: Page 255 loaded into Frame 8
2025-03-30 21:30:47,308 - INFO - Page fault handled: Page 255 loaded into Frame 8
2025-03-30 21:30:47,312 - INFO - Page fault handled: Page 48 loaded into Frame 9
2025-03-30 21:30:47,312 - INFO - Page fault handled: Page 48 loaded into Frame 9
2025-03-30 21:30:48,377 - INFO - Page fault handled: Page 228 loaded into Frame 10
2025-03-30 21:30:48,377 - INFO - Page fault handled: Page 228 loaded into Frame 10
2025-03-30 21:30:48,378 - INFO - Page fault handled: Page 102 loaded into Frame 11
2025-03-30 21:30:48,378 - INFO - Page fault handled: Page 102 loaded into Frame 11
2025-03-30 21:30:48,382 - INFO - Page fault handled: Page 62 loaded into Frame 12
2025-03-30 21:30:48,382 - INFO - Page fault handled: Page 62 loaded into Frame 12
2025-03-30 21:30:48,385 - INFO - Page fault handled: Page 139 loaded into Frame 13
2025-03-30 21:30:48,385 - INFO - Page fault handled: Page 139 loaded into Frame 13
2025-03-30 21:30:49,295 - INFO - Page fault handled: Page 21 loaded into Frame 14
2025-03-30 21:30:49,295 - INFO - Page fault handled: Page 21 loaded into Frame 14
2025-03-30 21:30:49,297 - INFO - Page fault handled: Page 211 loaded into Frame 15
2025-03-30 21:30:49,297 - INFO - Page fault handled: Page 211 loaded into Frame 15
2025-03-30 21:30:49,301 - INFO - Page fault handled: Page 193 loaded into Frame 0
2025-03-30 21:30:49,301 - INFO - Page fault handled: Page 193 loaded into Frame 0
2025-03-30 21:30:49,304 - INFO - Page fault handled: Page 22 loaded into Frame 1
2025-03-30 21:30:49,304 - INFO - Page fault handled: Page 22 loaded into Frame 1
2025-03-30 21:30:49,309 - INFO - Page fault handled: Page 78 loaded into Frame 2
2025-03-30 21:30:49,309 - INFO - Page fault handled: Page 78 loaded into Frame 2
2025-03-30 21:30:58,900 - INFO - Page fault handled: Page 199 loaded into Frame 3
2025-03-30 21:30:58,900 - INFO - Page fault handled: Page 199 loaded into Frame 3
2025-03-30 21:30:58,908 - INFO - Page fault handled: Page 83 loaded into Frame 4
2025-03-30 21:30:58,908 - INFO - Page fault handled: Page 83 loaded into Frame 4
2025-03-30 21:30:58,912 - INFO - Page fault handled: Page 127 loaded into Frame 5
2025-03-30 21:30:58,912 - INFO - Page fault handled: Page 127 loaded into Frame 5
2025-03-30 21:30:58,920 - INFO - Page fault handled: Page 250 loaded into Frame 6
2025-03-30 21:30:58,920 - INFO - Page fault handled: Page 250 loaded into Frame 6
2025-03-30 21:30:58,924 - INFO - Page fault handled: Page 168 loaded into Frame 7
2025-03-30 21:30:58,924 - INFO - Page fault handled: Page 168 loaded into Frame 7
2025-03-30 21:31:02,423 - INFO - Page fault handled: Page 84 loaded into Frame 8
2025-03-30 21:31:02,423 - INFO - Page fault handled: Page 84 loaded into Frame 8
2025-03-30 21:31:02,427 - INFO - Page fault handled: Page 97 loaded into Frame 9
2025-03-30 21:31:02,427 - INFO - Page fault handled: Page 97 loaded into Frame 9
2025-03-30 21:31:02,431 - INFO - Page fault handled: Page 177 loaded into Frame 10
2025-03-30 21:31:02,431 - INFO - Page fault handled: Page 177 loaded into Frame 10
2025-03-30 21:31:02,433 - INFO - Page fault handled: Page 50 loaded into Frame 11
2025-03-30 21:31:02,433 - INFO - Page fault handled: Page 50 loaded into Frame 11
2025-03-30 21:31:02,437 - INFO - Page fault handled: Page 89 loaded into Frame 12
2025-03-30 21:31:02,437 - INFO - Page fault handled: Page 89 loaded into Frame 12
2025-03-30 21:31:08,006 - INFO - Page fault handled: Page 230 loaded into Frame 13
2025-03-30 21:31:08,006 - INFO - Page fault handled: Page 230 loaded into Frame 13
2025-03-30 21:31:08,010 - INFO - Page fault handled: Page 53 loaded into Frame 14
2025-03-30 21:31:08,010 - INFO - Page fault handled: Page 53 loaded into Frame 14
2025-03-30 21:31:08,018 - INFO - Page fault handled: Page 172 loaded into Frame 15
2025-03-30 21:31:08,018 - INFO - Page fault handled: Page 172 loaded into Frame 15
2025-03-30 21:31:08,022 - INFO - Page fault handled: Page 113 loaded into Frame 0
2025-03-30 21:31:08,022 - INFO - Page fault handled: Page 113 loaded into Frame 0
2025-03-30 21:51:03,184 - INFO - Algorithm set to FIFO
2025-03-30 22:14:20,347 - INFO - Algorithm set to FIFO
2025-03-30 22:14:20,347 - INFO - Algorithm set to FIFO
2025-03-30 22:14:20,350 - INFO - Page fault handled: Page 1 loaded into Frame 0
2025-03-30 22:14:20,350 - INFO - Page fault handled: Page 1 loaded into Frame 0
2025-03-30 22:14:20,350 - INFO - Page fault handled: Page 2 loaded into Frame 1
2025-03-30 22:14:20,350 - INFO - Page fault handled: Page 2 loaded into Frame 1
2025-03-30 22:14:20,353 - INFO - Page fault handled: Page 3 loaded into Frame 2
2025-03-30 22:14:20,353 - INFO - Page fault handled: Page 3 loaded into Frame 2
2025-03-30 22:14:20,353 - INFO - Page fault handled: Page 4 loaded into Frame 0
2025-03-30 22:14:20,353 - INFO - Page fault handled: Page 4 loaded into Frame 0
2025-03-30 22:14:20,356 - INFO - Page fault handled: Page 5 loaded into Frame 1
2025-03-30 22:14:20,356 - INFO - Page fault handled: Page 5 loaded into Frame 1
2025-03-30 22:14:26,679 - INFO - Algorithm set to FIFO
2025-03-30 22:14:26,679 - INFO - Algorithm set to FIFO
2025-03-30 22:14:26,679 - INFO - Algorithm set to FIFO
2025-03-30 22:14:26,684 - INFO - Page fault handled: Page 1 loaded into Frame 0
2025-03-30 22:14:26,684 - INFO - Page fault handled: Page 1 loaded into Frame 0
2025-03-30 22:14:26,684 - INFO - Page fault handled: Page 1 loaded into Frame 0
2025-03-30 22:14:26,685 - INFO - Page fault handled: Page 2 loaded into Frame 1
2025-03-30 22:14:26,685 - INFO - Page fault handled: Page 2 loaded into Frame 1
2025-03-30 22:14:26,685 - INFO - Page fault handled: Page 2 loaded into Frame 1
2025-03-30 22:14:26,688 - INFO - Page fault handled: Page 3 loaded into Frame 2
2025-03-30 22:14:26,688 - INFO - Page fault handled: Page 3 loaded into Frame 2
2025-03-30 22:14:26,688 - INFO - Page fault handled: Page 3 loaded into Frame 2
2025-03-30 22:14:26,688 - INFO - Page fault handled: Page 4 loaded into Frame 0
2025-03-30 22:14:26,688 - INFO - Page fault handled: Page 4 loaded into Frame 0
2025-03-30 22:14:26,688 - INFO - Page fault handled: Page 4 loaded into Frame 0
2025-03-30 22:14:26,691 - INFO - Page fault handled: Page 5 loaded into Frame 1
2025-03-30 22:14:26,691 - INFO - Page fault handled: Page 5 loaded into Frame 1
2025-03-30 22:14:26,691 - INFO - Page fault handled: Page 5 loaded into Frame 1
2025-03-30 22:14:26,692 - INFO - Algorithm set to LRU
2025-03-30 22:14:26,692 - INFO - Algorithm set to LRU
2025-03-30 22:14:26,692 - INFO - Algorithm set to LRU
2025-03-30 22:14:26,692 - INFO - Algorithm set to LRU
2025-03-30 22:14:26,696 - INFO - Page fault handled: Page 1 loaded into Frame 0
2025-03-30 22:14:26,696 - INFO - Page fault handled: Page 1 loaded into Frame 0
2025-03-30 22:14:26,696 - INFO - Page fault handled: Page 1 loaded into Frame 0
2025-03-30 22:14:26,696 - INFO - Page fault handled: Page 1 loaded into Frame 0
2025-03-30 22:14:26,698 - INFO - Page fault handled: Page 2 loaded into Frame 1
2025-03-30 22:14:26,698 - INFO - Page fault handled: Page 2 loaded into Frame 1
2025-03-30 22:14:26,698 - INFO - Page fault handled: Page 2 loaded into Frame 1
2025-03-30 22:14:26,698 - INFO - Page fault handled: Page 2 loaded into Frame 1
2025-03-30 22:14:26,698 - INFO - Page fault handled: Page 3 loaded into Frame 2
2025-03-30 22:14:26,698 - INFO - Page fault handled: Page 3 loaded into Frame 2
2025-03-30 22:14:26,698 - INFO - Page fault handled: Page 3 loaded into Frame 2
2025-03-30 22:14:26,698 - INFO - Page fault handled: Page 3 loaded into Frame 2
2025-03-30 22:14:26,702 - INFO - Page fault handled: Page 4 loaded into Frame 0
2025-03-30 22:14:26,702 - INFO - Page fault handled: Page 4 loaded into Frame 0
2025-03-30 22:14:26,702 - INFO - Page fault handled: Page 4 loaded into Frame 0
2025-03-30 22:14:26,702 - INFO - Page fault handled: Page 4 loaded into Frame 0
2025-03-30 22:14:26,706 - INFO - Page fault handled: Page 5 loaded into Frame 1
2025-03-30 22:14:26,706 - INFO - Page fault handled: Page 5 loaded into Frame 1
2025-03-30 22:14:26,706 - INFO - Page fault handled: Page 5 loaded into Frame 1
2025-03-30 22:14:26,706 - INFO - Page fault handled: Page 5 loaded into Frame 1
2025-03-30 22:14:26,710 - INFO - Algorithm set to Optimal
2025-03-30 22:14:26,710 - INFO - Algorithm set to Optimal
2025-03-30 22:14:26,710 - INFO - Algorithm set to Optimal
2025-03-30 22:14:26,710 - INFO - Algorithm set to Optimal
2025-03-30 22:14:26,710 - INFO - Algorithm set to Optimal
2025-03-30 22:14:26,710 - INFO - Future references set for Optimal algorithm
2025-03-30 22:14:26,710 - INFO - Future references set for Optimal algorithm
2025-03-30 22:14:26,710 - INFO - Future references set for Optimal algorithm
2025-03-30 22:14:26,710 - INFO - Future references set for Optimal algorithm
2025-03-30 22:14:26,710 - INFO - Future references set for Optimal algorithm
2025-03-30 22:14:26,715 - INFO - Page fault handled: Page 1 loaded into Frame 0
2025-03-30 22:14:26,715 - INFO - Page fault handled: Page 1 loaded into Frame 0
2025-03-30 22:14:26,715 - INFO - Page fault handled: Page 1 loaded into Frame 0
2025-03-30 22:14:26,715 - INFO - Page fault handled: Page 1 loaded into Frame 0
2025-03-30 22:14:26,715 - INFO - Page fault handled: Page 1 loaded into Frame 0
2025-03-30 22:14:26,719 - INFO - Page fault handled: Page 2 loaded into Frame 1
2025-03-30 22:14:26,719 - INFO - Page fault handled: Page 2 loaded into Frame 1
2025-03-30 22:14:26,719 - INFO - Page fault handled: Page 2 loaded into Frame 1
2025-03-30 22:14:26,719 - INFO - Page fault handled: Page 2 loaded into Frame 1
2025-03-30 22:14:26,719 - INFO - Page fault handled: Page 2 loaded into Frame 1
2025-03-30 22:14:26,723 - INFO - Page fault handled: Page 3 loaded into Frame 2
2025-03-30 22:14:26,723 - INFO - Page fault handled: Page 3 loaded into Frame 2
2025-03-30 22:14:26,723 - INFO - Page fault handled: Page 3 loaded into Frame 2
2025-03-30 22:14:26,723 - INFO - Page fault handled: Page 3 loaded into Frame 2
2025-03-30 22:14:26,723 - INFO - Page fault handled: Page 3 loaded into Frame 2
2025-03-30 22:14:26,723 - INFO - Page fault handled: Page 4 loaded into Frame 2
2025-03-30 22:14:26,723 - INFO - Page fault handled: Page 4 loaded into Frame 2
2025-03-30 22:14:26,723 - INFO - Page fault handled: Page 4 loaded into Frame 2
2025-03-30 22:14:26,723 - INFO - Page fault handled: Page 4 loaded into Frame 2
2025-03-30 22:14:26,723 - INFO - Page fault handled: Page 4 loaded into Frame 2
2025-03-30 22:14:26,727 - INFO - Page fault handled: Page 5 loaded into Frame 2
2025-03-30 22:14:26,727 - INFO - Page fault handled: Page 5 loaded into Frame 2
2025-03-30 22:14:26,727 - INFO - Page fault handled: Page 5 loaded into Frame 2
2025-03-30 22:14:26,727 - INFO - Page fault handled: Page 5 loaded into Frame 2
2025-03-30 22:14:26,727 - INFO - Page fault handled: Page 5 loaded into Frame 2
2025-03-30 22:14:26,731 - INFO - Algorithm set to Clock
2025-03-30 22:14:26,731 - INFO - Algorithm set to Clock
2025-03-30 22:14:26,731 - INFO - Algorithm set to Clock
2025-03-30 22:14:26,731 - INFO - Algorithm set to Clock
2025-03-30 22:14:26,731 - INFO - Algorithm set to Clock
2025-03-30 22:14:26,731 - INFO - Algorithm set to Clock
2025-03-30 22:14:26,735 - INFO - Page fault handled: Page 1 loaded into Frame 0
2025-03-30 22:14:26,735 - INFO - Page fault handled: Page 1 loaded into Frame 0
2025-03-30 22:14:26,735 - INFO - Page fault handled: Page 1 loaded into Frame 0
2025-03-30 22:14:26,735 - INFO - Page fault handled: Page 1 loaded into Frame 0
2025-03-30 22:14:26,735 - INFO - Page fault handled: Page 1 loaded into Frame 0
2025-03-30 22:14:26,735 - INFO - Page fault handled: Page 1 loaded into Frame 0
2025-03-30 22:14:26,741 - INFO - Page fault handled: Page 2 loaded into Frame 1
2025-03-30 22:14:26,741 - INFO - Page fault handled: Page 2 loaded into Frame 1
2025-03-30 22:14:26,741 - INFO - Page fault handled: Page 2 loaded into Frame 1
2025-03-30 22:14:26,741 - INFO - Page fault handled: Page 2 loaded into Frame 1
2025-03-30 22:14:26,741 - INFO - Page fault handled: Page 2 loaded into Frame 1
2025-03-30 22:14:26,741 - INFO - Page fault handled: Page 2 loaded into Frame 1
2025-03-30 22:14:26,743 - INFO - Page fault handled: Page 3 loaded into Frame 2
2025-03-30 22:14:26,743 - INFO - Page fault handled: Page 3 loaded into Frame 2
2025-03-30 22:14:26,743 - INFO - Page fault handled: Page 3 loaded into Frame 2
2025-03-30 22:14:26,743 - INFO - Page fault handled: Page 3 loaded into Frame 2
2025-03-30 22:14:26,743 - INFO - Page fault handled: Page 3 loaded into Frame 2
2025-03-30 22:14:26,743 - INFO - Page fault handled: Page 3 loaded into Frame 2
2025-03-30 22:14:26,747 - INFO - Page fault handled: Page 4 loaded into Frame 0
2025-03-30 22:14:26,747 - INFO - Page fault handled: Page 4 loaded into Frame 0
2025-03-30 22:14:26,747 - INFO - Page fault handled: Page 4 loaded into Frame 0
2025-03-30 22:14:26,747 - INFO - Page fault handled: Page 4 loaded into Frame 0
2025-03-30 22:14:26,747 - INFO - Page fault handled: Page 4 loaded into Frame 0
2025-03-30 22:14:26,747 - INFO - Page fault handled: Page 4 loaded into Frame 0
2025-03-30 22:14:26,750 - INFO - Page fault handled: Page 5 loaded into Frame 1
2025-03-30 22:14:26,750 - INFO - Page fault handled: Page 5 loaded into Frame 1
2025-03-30 22:14:26,750 - INFO - Page fault handled: Page 5 loaded into Frame 1
2025-03-30 22:14:26,750 - INFO - Page fault handled: Page 5 loaded into Frame 1
2025-03-30 22:14:26,750 - INFO - Page fault handled: Page 5 loaded into Frame 1
2025-03-30 22:14:26,750 - INFO - Page fault handled: Page 5 loaded into Frame 1
2025-03-30 22:14:26,755 - INFO - Algorithm set to LFU
2025-03-30 22:14:26,755 - INFO - Algorithm set to LFU
2025-03-30 22:14:26,755 - INFO - Algorithm set to LFU
2025-03-30 22:14:26,755 - INFO - Algorithm set to LFU
2025-03-30 22:14:26,755 - INFO - Algorithm set to LFU
2025-03-30 22:14:26,755 - INFO - Algorithm set to LFU
2025-03-30 22:14:26,755 - INFO - Algorithm set to LFU
2025-03-30 22:14:26,756 - INFO - Page fault handled: Page 1 loaded into Frame 0
2025-03-30 22:14:26,756 - INFO - Page fault handled: Page 1 loaded into Frame 0
2025-03-30 22:14:26,756 - INFO - Page fault handled: Page 1 loaded into Frame 0
2025-03-30 22:14:26,756 - INFO - Page fault handled: Page 1 loaded into Frame 0
2025-03-30 22:14:26,756 - INFO - Page fault handled: Page 1 loaded into Frame 0
2025-03-30 22:14:26,756 - INFO - Page fault handled: Page 1 loaded into Frame 0
2025-03-30 22:14:26,756 - INFO - Page fault handled: Page 1 loaded into Frame 0
2025-03-30 22:14:26,760 - INFO - Page fault handled: Page 2 loaded into Frame 1
2025-03-30 22:14:26,760 - INFO - Page fault handled: Page 2 loaded into Frame 1
2025-03-30 22:14:26,760 - INFO - Page fault handled: Page 2 loaded into Frame 1
2025-03-30 22:14:26,760 - INFO - Page fault handled: Page 2 loaded into Frame 1
2025-03-30 22:14:26,760 - INFO - Page fault handled: Page 2 loaded into Frame 1
2025-03-30 22:14:26,760 - INFO - Page fault handled: Page 2 loaded into Frame 1
2025-03-30 22:14:26,760 - INFO - Page fault handled: Page 2 loaded into Frame 1
2025-03-30 22:14:26,765 - INFO - Page fault handled: Page 3 loaded into Frame 2
2025-03-30 22:14:26,765 - INFO - Page fault handled: Page 3 loaded into Frame 2
2025-03-30 22:14:26,765 - INFO - Page fault handled: Page 3 loaded into Frame 2
2025-03-30 22:14:26,765 - INFO - Page fault handled: Page 3 loaded into Frame 2
2025-03-30 22:14:26,765 - INFO - Page fault handled: Page 3 loaded into Frame 2
2025-03-30 22:14:26,765 - INFO - Page fault handled: Page 3 loaded into Frame 2
2025-03-30 22:14:26,765 - INFO - Page fault handled: Page 3 loaded into Frame 2
2025-03-30 22:14:26,767 - INFO - Page fault handled: Page 4 loaded into Frame 0
2025-03-30 22:14:26,767 - INFO - Page fault handled: Page 4 loaded into Frame 0
2025-03-30 22:14:26,767 - INFO - Page fault handled: Page 4 loaded into Frame 0
2025-03-30 22:14:26,767 - INFO - Page fault handled: Page 4 loaded into Frame 0
2025-03-30 22:14:26,767 - INFO - Page fault handled: Page 4 loaded into Frame 0
2025-03-30 22:14:26,767 - INFO - Page fault handled: Page 4 loaded into Frame 0
2025-03-30 22:14:26,767 - INFO - Page fault handled: Page 4 loaded into Frame 0
2025-03-30 22:14:26,772 - INFO - Page fault handled: Page 5 loaded into Frame 1
2025-03-30 22:14:26,772 - INFO - Page fault handled: Page 5 loaded into Frame 1
2025-03-30 22:14:26,772 - INFO - Page fault handled: Page 5 loaded into Frame 1
2025-03-30 22:14:26,772 - INFO - Page fault handled: Page 5 loaded into Frame 1
2025-03-30 22:14:26,772 - INFO - Page fault handled: Page 5 loaded into Frame 1
2025-03-30 22:14:26,772 - INFO - Page fault handled: Page 5 loaded into Frame 1
2025-03-30 22:14:26,772 - INFO - Page fault handled: Page 5 loaded into Frame 1
